2024-12-18 01:06:36.334 [info] Reading sessions from keychain...
2024-12-18 01:06:36.334 [info] Getting sessions for all scopes...
2024-12-18 01:06:36.334 [info] Got 0 sessions for ...
2024-12-18 01:06:36.334 [info] Getting sessions for all scopes...
2024-12-18 01:06:36.334 [info] Got 0 sessions for ...
2024-12-18 01:06:36.334 [info] Getting sessions for all scopes...
2024-12-18 01:06:36.334 [info] Got 0 sessions for ...
2024-12-18 01:06:36.334 [info] Getting sessions for read:user,repo,user:email...
2024-12-18 01:06:36.334 [info] Got 0 sessions for read:user,repo,user:email...
2024-12-18 01:06:37.457 [info] Getting sessions for all scopes...
2024-12-18 01:06:37.457 [info] Got 0 sessions for ...
2024-12-18 01:07:05.159 [info] Reading sessions from keychain...
2024-12-18 01:07:05.159 [info] Getting sessions for all scopes...
2024-12-18 01:07:05.159 [info] Got 0 sessions for ...
2024-12-18 01:07:05.159 [info] Getting sessions for all scopes...
2024-12-18 01:07:05.159 [info] Got 0 sessions for ...
2024-12-18 01:07:05.159 [info] Getting sessions for all scopes...
2024-12-18 01:07:05.159 [info] Got 0 sessions for ...
2024-12-18 01:07:05.159 [info] Getting sessions for read:user,repo,user:email...
2024-12-18 01:07:05.159 [info] Got 0 sessions for read:user,repo,user:email...
2024-12-18 01:07:06.604 [info] Getting sessions for all scopes...
2024-12-18 01:07:06.604 [info] Got 0 sessions for ...
