2024-12-03 18:30:50.969 [info] Extension host with pid 658097 started
2024-12-03 18:30:51.023 [info] ExtensionService#_doActivateExtension vscode.emmet, startup: false, activationEvent: 'onLanguage'
2024-12-03 18:30:51.037 [info] ExtensionService#_doActivateExtension ms-python.python, startup: false, activationEvent: 'onLanguage:python'
2024-12-03 18:30:51.164 [info] ExtensionService#_doActivateExtension ms-toolsai.jupyter, startup: false, activationEvent: 'onLanguage:python'
2024-12-03 18:30:51.461 [info] ExtensionService#_doActivateExtension ms-python.vscode-pylance, startup: false, activationEvent: 'onLanguage:python'
2024-12-03 18:30:51.665 [info] ExtensionService#_doActivateExtension vscode.git-base, startup: true, activationEvent: '*'
2024-12-03 18:30:51.669 [info] ExtensionService#_doActivateExtension vscode.github, startup: true, activationEvent: '*'
2024-12-03 18:30:51.698 [info] Eager extensions activated
2024-12-03 18:30:51.700 [info] ExtensionService#_doActivateExtension vscode.debug-auto-launch, startup: false, activationEvent: 'onStartupFinished'
2024-12-03 18:30:51.702 [info] ExtensionService#_doActivateExtension vscode.merge-conflict, startup: false, activationEvent: 'onStartupFinished'
2024-12-03 18:30:51.713 [info] ExtensionService#_doActivateExtension alefragnani.project-manager, startup: false, activationEvent: 'onStartupFinished'
2024-12-03 18:30:51.721 [info] ExtensionService#_doActivateExtension eamodio.gitlens, startup: false, activationEvent: 'onStartupFinished'
2024-12-03 18:30:51.805 [info] ExtensionService#_doActivateExtension streetsidesoftware.code-spell-checker, startup: false, activationEvent: 'onStartupFinished'
2024-12-03 18:30:51.980 [info] ExtensionService#_doActivateExtension vscode.github-authentication, startup: false, activationEvent: 'onAuthenticationRequest:github'
2024-12-03 18:30:52.121 [warning] DiagnosticCollection with name 'cSpell' does already exist.
2024-12-03 18:31:05.944 [info] Extension host terminating: renderer closed the MessagePort
2024-12-03 18:31:05.961 [error] Canceled: Canceled
	at new tT (file:///opt/visual-studio-code/resources/app/out/vs/workbench/api/node/extensionHostProcess.js:31:108738)
	at py.U (file:///opt/visual-studio-code/resources/app/out/vs/workbench/api/node/extensionHostProcess.js:31:113348)
	at s.<computed>.n.charCodeAt.s.<computed> (file:///opt/visual-studio-code/resources/app/out/vs/workbench/api/node/extensionHostProcess.js:31:110842)
	at Y0.g (file:///opt/visual-studio-code/resources/app/out/vs/workbench/api/node/extensionHostProcess.js:114:32313)
	at Y0.executeCommand (file:///opt/visual-studio-code/resources/app/out/vs/workbench/api/node/extensionHostProcess.js:114:31817)
	at r.registerCommand.description (file:///opt/visual-studio-code/resources/app/out/vs/workbench/api/node/extensionHostProcess.js:114:31147)
	at Y0.h (file:///opt/visual-studio-code/resources/app/out/vs/workbench/api/node/extensionHostProcess.js:114:32833)
	at Y0.g (file:///opt/visual-studio-code/resources/app/out/vs/workbench/api/node/extensionHostProcess.js:114:31910)
	at Y0.executeCommand (file:///opt/visual-studio-code/resources/app/out/vs/workbench/api/node/extensionHostProcess.js:114:31817)
	at Object.executeCommand (file:///opt/visual-studio-code/resources/app/out/vs/workbench/api/node/extensionHostProcess.js:156:37246)
	at f (/home/fabian/.vscode/extensions/eamodio.gitlens-16.0.4/dist/gitlens.js:1482:14096)
	at c (/home/fabian/.vscode/extensions/eamodio.gitlens-16.0.4/dist/gitlens.js:1482:18656)
	at ActionRunners._updateContextKeys (/home/fabian/.vscode/extensions/eamodio.gitlens-16.0.4/dist/gitlens.js:1107:65661)
	at s (/home/fabian/.vscode/extensions/eamodio.gitlens-16.0.4/dist/gitlens.js:1107:64105)
	at RegisteredActionRunner.unregister (/home/fabian/.vscode/extensions/eamodio.gitlens-16.0.4/dist/gitlens.js:1107:64248)
	at RegisteredActionRunner.dispose (/home/fabian/.vscode/extensions/eamodio.gitlens-16.0.4/dist/gitlens.js:1107:62902)
	at ActionRunners.dispose (/home/fabian/.vscode/extensions/eamodio.gitlens-16.0.4/dist/gitlens.js:1107:63688)
	at /home/fabian/.vscode/extensions/eamodio.gitlens-16.0.4/dist/gitlens.js:1428:14975
	at Array.forEach (<anonymous>)
	at Object.dispose (/home/fabian/.vscode/extensions/eamodio.gitlens-16.0.4/dist/gitlens.js:1428:14957)
	at ci (file:///opt/visual-studio-code/resources/app/out/vs/workbench/api/node/extensionHostProcess.js:24:699)
	at file:///opt/visual-studio-code/resources/app/out/vs/workbench/api/node/extensionHostProcess.js:118:14992
	at file:///opt/visual-studio-code/resources/app/out/vs/workbench/api/node/extensionHostProcess.js:24:1009
	at Object.dispose (file:///opt/visual-studio-code/resources/app/out/vs/workbench/api/node/extensionHostProcess.js:7:2146)
	at z_.eb (file:///opt/visual-studio-code/resources/app/out/vs/workbench/api/node/extensionHostProcess.js:118:11919)
	at file:///opt/visual-studio-code/resources/app/out/vs/workbench/api/node/extensionHostProcess.js:118:9874
	at Array.map (<anonymous>)
	at z_.$ (file:///opt/visual-studio-code/resources/app/out/vs/workbench/api/node/extensionHostProcess.js:118:9862)
	at z_.terminate (file:///opt/visual-studio-code/resources/app/out/vs/workbench/api/node/extensionHostProcess.js:118:10105)
	at EC.terminate (file:///opt/visual-studio-code/resources/app/out/vs/workbench/api/node/extensionHostProcess.js:119:1424)
	at Zi (file:///opt/visual-studio-code/resources/app/out/vs/workbench/api/node/extensionHostProcess.js:174:15084)
	at MessagePortMain.<anonymous> (file:///opt/visual-studio-code/resources/app/out/vs/workbench/api/node/extensionHostProcess.js:174:11632)
	at MessagePortMain.emit (node:events:519:28)
	at MessagePortMain._internalPort.emit (node:electron/js2c/utility_init:2:2949) setContext undefined
2024-12-03 18:31:05.961 [error] Canceled: Canceled
	at new tT (file:///opt/visual-studio-code/resources/app/out/vs/workbench/api/node/extensionHostProcess.js:31:108738)
	at py.U (file:///opt/visual-studio-code/resources/app/out/vs/workbench/api/node/extensionHostProcess.js:31:113348)
	at s.<computed>.n.charCodeAt.s.<computed> (file:///opt/visual-studio-code/resources/app/out/vs/workbench/api/node/extensionHostProcess.js:31:110842)
	at Y0.g (file:///opt/visual-studio-code/resources/app/out/vs/workbench/api/node/extensionHostProcess.js:114:32313)
	at Y0.executeCommand (file:///opt/visual-studio-code/resources/app/out/vs/workbench/api/node/extensionHostProcess.js:114:31817)
	at r.registerCommand.description (file:///opt/visual-studio-code/resources/app/out/vs/workbench/api/node/extensionHostProcess.js:114:31147)
	at Y0.h (file:///opt/visual-studio-code/resources/app/out/vs/workbench/api/node/extensionHostProcess.js:114:32833)
	at Y0.g (file:///opt/visual-studio-code/resources/app/out/vs/workbench/api/node/extensionHostProcess.js:114:31910)
	at Y0.executeCommand (file:///opt/visual-studio-code/resources/app/out/vs/workbench/api/node/extensionHostProcess.js:114:31817)
	at Object.executeCommand (file:///opt/visual-studio-code/resources/app/out/vs/workbench/api/node/extensionHostProcess.js:156:37246)
	at f (/home/fabian/.vscode/extensions/eamodio.gitlens-16.0.4/dist/gitlens.js:1482:14096)
	at c (/home/fabian/.vscode/extensions/eamodio.gitlens-16.0.4/dist/gitlens.js:1482:18656)
	at ActionRunners._updateContextKeys (/home/fabian/.vscode/extensions/eamodio.gitlens-16.0.4/dist/gitlens.js:1107:65661)
	at s (/home/fabian/.vscode/extensions/eamodio.gitlens-16.0.4/dist/gitlens.js:1107:64105)
	at RegisteredActionRunner.unregister (/home/fabian/.vscode/extensions/eamodio.gitlens-16.0.4/dist/gitlens.js:1107:64248)
	at RegisteredActionRunner.dispose (/home/fabian/.vscode/extensions/eamodio.gitlens-16.0.4/dist/gitlens.js:1107:62902)
	at ActionRunners.dispose (/home/fabian/.vscode/extensions/eamodio.gitlens-16.0.4/dist/gitlens.js:1107:63688)
	at /home/fabian/.vscode/extensions/eamodio.gitlens-16.0.4/dist/gitlens.js:1428:14975
	at Array.forEach (<anonymous>)
	at Object.dispose (/home/fabian/.vscode/extensions/eamodio.gitlens-16.0.4/dist/gitlens.js:1428:14957)
	at ci (file:///opt/visual-studio-code/resources/app/out/vs/workbench/api/node/extensionHostProcess.js:24:699)
	at file:///opt/visual-studio-code/resources/app/out/vs/workbench/api/node/extensionHostProcess.js:118:14992
	at file:///opt/visual-studio-code/resources/app/out/vs/workbench/api/node/extensionHostProcess.js:24:1009
	at Object.dispose (file:///opt/visual-studio-code/resources/app/out/vs/workbench/api/node/extensionHostProcess.js:7:2146)
	at z_.eb (file:///opt/visual-studio-code/resources/app/out/vs/workbench/api/node/extensionHostProcess.js:118:11919)
	at file:///opt/visual-studio-code/resources/app/out/vs/workbench/api/node/extensionHostProcess.js:118:9874
	at Array.map (<anonymous>)
	at z_.$ (file:///opt/visual-studio-code/resources/app/out/vs/workbench/api/node/extensionHostProcess.js:118:9862)
	at z_.terminate (file:///opt/visual-studio-code/resources/app/out/vs/workbench/api/node/extensionHostProcess.js:118:10105)
	at EC.terminate (file:///opt/visual-studio-code/resources/app/out/vs/workbench/api/node/extensionHostProcess.js:119:1424)
	at Zi (file:///opt/visual-studio-code/resources/app/out/vs/workbench/api/node/extensionHostProcess.js:174:15084)
	at MessagePortMain.<anonymous> (file:///opt/visual-studio-code/resources/app/out/vs/workbench/api/node/extensionHostProcess.js:174:11632)
	at MessagePortMain.emit (node:events:519:28)
	at MessagePortMain._internalPort.emit (node:electron/js2c/utility_init:2:2949) setContext undefined
2024-12-03 18:31:05.962 [error] Canceled: Canceled
	at new tT (file:///opt/visual-studio-code/resources/app/out/vs/workbench/api/node/extensionHostProcess.js:31:108738)
	at py.U (file:///opt/visual-studio-code/resources/app/out/vs/workbench/api/node/extensionHostProcess.js:31:113348)
	at s.<computed>.n.charCodeAt.s.<computed> (file:///opt/visual-studio-code/resources/app/out/vs/workbench/api/node/extensionHostProcess.js:31:110842)
	at Y0.g (file:///opt/visual-studio-code/resources/app/out/vs/workbench/api/node/extensionHostProcess.js:114:32313)
	at Y0.executeCommand (file:///opt/visual-studio-code/resources/app/out/vs/workbench/api/node/extensionHostProcess.js:114:31817)
	at r.registerCommand.description (file:///opt/visual-studio-code/resources/app/out/vs/workbench/api/node/extensionHostProcess.js:114:31147)
	at Y0.h (file:///opt/visual-studio-code/resources/app/out/vs/workbench/api/node/extensionHostProcess.js:114:32833)
	at Y0.g (file:///opt/visual-studio-code/resources/app/out/vs/workbench/api/node/extensionHostProcess.js:114:31910)
	at Y0.executeCommand (file:///opt/visual-studio-code/resources/app/out/vs/workbench/api/node/extensionHostProcess.js:114:31817)
	at Object.executeCommand (file:///opt/visual-studio-code/resources/app/out/vs/workbench/api/node/extensionHostProcess.js:156:37246)
	at f (/home/fabian/.vscode/extensions/eamodio.gitlens-16.0.4/dist/gitlens.js:1482:14096)
	at c (/home/fabian/.vscode/extensions/eamodio.gitlens-16.0.4/dist/gitlens.js:1482:18656)
	at ActionRunners._updateContextKeys (/home/fabian/.vscode/extensions/eamodio.gitlens-16.0.4/dist/gitlens.js:1107:65661)
	at s (/home/fabian/.vscode/extensions/eamodio.gitlens-16.0.4/dist/gitlens.js:1107:64105)
	at RegisteredActionRunner.unregister (/home/fabian/.vscode/extensions/eamodio.gitlens-16.0.4/dist/gitlens.js:1107:64248)
	at RegisteredActionRunner.dispose (/home/fabian/.vscode/extensions/eamodio.gitlens-16.0.4/dist/gitlens.js:1107:62902)
	at ActionRunners.dispose (/home/fabian/.vscode/extensions/eamodio.gitlens-16.0.4/dist/gitlens.js:1107:63688)
	at /home/fabian/.vscode/extensions/eamodio.gitlens-16.0.4/dist/gitlens.js:1428:14975
	at Array.forEach (<anonymous>)
	at Object.dispose (/home/fabian/.vscode/extensions/eamodio.gitlens-16.0.4/dist/gitlens.js:1428:14957)
	at ci (file:///opt/visual-studio-code/resources/app/out/vs/workbench/api/node/extensionHostProcess.js:24:699)
	at file:///opt/visual-studio-code/resources/app/out/vs/workbench/api/node/extensionHostProcess.js:118:14992
	at file:///opt/visual-studio-code/resources/app/out/vs/workbench/api/node/extensionHostProcess.js:24:1009
	at Object.dispose (file:///opt/visual-studio-code/resources/app/out/vs/workbench/api/node/extensionHostProcess.js:7:2146)
	at z_.eb (file:///opt/visual-studio-code/resources/app/out/vs/workbench/api/node/extensionHostProcess.js:118:11919)
	at file:///opt/visual-studio-code/resources/app/out/vs/workbench/api/node/extensionHostProcess.js:118:9874
	at Array.map (<anonymous>)
	at z_.$ (file:///opt/visual-studio-code/resources/app/out/vs/workbench/api/node/extensionHostProcess.js:118:9862)
	at z_.terminate (file:///opt/visual-studio-code/resources/app/out/vs/workbench/api/node/extensionHostProcess.js:118:10105)
	at EC.terminate (file:///opt/visual-studio-code/resources/app/out/vs/workbench/api/node/extensionHostProcess.js:119:1424)
	at Zi (file:///opt/visual-studio-code/resources/app/out/vs/workbench/api/node/extensionHostProcess.js:174:15084)
	at MessagePortMain.<anonymous> (file:///opt/visual-studio-code/resources/app/out/vs/workbench/api/node/extensionHostProcess.js:174:11632)
	at MessagePortMain.emit (node:events:519:28)
	at MessagePortMain._internalPort.emit (node:electron/js2c/utility_init:2:2949) setContext undefined
2024-12-03 18:31:05.962 [error] Canceled: Canceled
	at new tT (file:///opt/visual-studio-code/resources/app/out/vs/workbench/api/node/extensionHostProcess.js:31:108738)
	at py.U (file:///opt/visual-studio-code/resources/app/out/vs/workbench/api/node/extensionHostProcess.js:31:113348)
	at s.<computed>.n.charCodeAt.s.<computed> (file:///opt/visual-studio-code/resources/app/out/vs/workbench/api/node/extensionHostProcess.js:31:110842)
	at Y0.g (file:///opt/visual-studio-code/resources/app/out/vs/workbench/api/node/extensionHostProcess.js:114:32313)
	at Y0.executeCommand (file:///opt/visual-studio-code/resources/app/out/vs/workbench/api/node/extensionHostProcess.js:114:31817)
	at r.registerCommand.description (file:///opt/visual-studio-code/resources/app/out/vs/workbench/api/node/extensionHostProcess.js:114:31147)
	at Y0.h (file:///opt/visual-studio-code/resources/app/out/vs/workbench/api/node/extensionHostProcess.js:114:32833)
	at Y0.g (file:///opt/visual-studio-code/resources/app/out/vs/workbench/api/node/extensionHostProcess.js:114:31910)
	at Y0.executeCommand (file:///opt/visual-studio-code/resources/app/out/vs/workbench/api/node/extensionHostProcess.js:114:31817)
	at Object.executeCommand (file:///opt/visual-studio-code/resources/app/out/vs/workbench/api/node/extensionHostProcess.js:156:37246)
	at $t.set (/home/fabian/.vscode/extensions/ms-toolsai.jupyter-2024.10.0-linux-x64/dist/extension.node.js:304:165833)
	at Ab.dispose (/home/fabian/.vscode/extensions/ms-toolsai.jupyter-2024.10.0-linux-x64/dist/extension.node.js:342:8850)
	at ci (file:///opt/visual-studio-code/resources/app/out/vs/workbench/api/node/extensionHostProcess.js:24:699)
	at file:///opt/visual-studio-code/resources/app/out/vs/workbench/api/node/extensionHostProcess.js:118:14992
	at file:///opt/visual-studio-code/resources/app/out/vs/workbench/api/node/extensionHostProcess.js:24:1009
	at Object.dispose (file:///opt/visual-studio-code/resources/app/out/vs/workbench/api/node/extensionHostProcess.js:7:2146)
	at z_.eb (file:///opt/visual-studio-code/resources/app/out/vs/workbench/api/node/extensionHostProcess.js:118:11919)
	at file:///opt/visual-studio-code/resources/app/out/vs/workbench/api/node/extensionHostProcess.js:118:9874
	at Array.map (<anonymous>)
	at z_.$ (file:///opt/visual-studio-code/resources/app/out/vs/workbench/api/node/extensionHostProcess.js:118:9862)
	at z_.terminate (file:///opt/visual-studio-code/resources/app/out/vs/workbench/api/node/extensionHostProcess.js:118:10105)
	at EC.terminate (file:///opt/visual-studio-code/resources/app/out/vs/workbench/api/node/extensionHostProcess.js:119:1424)
	at Zi (file:///opt/visual-studio-code/resources/app/out/vs/workbench/api/node/extensionHostProcess.js:174:15084)
	at MessagePortMain.<anonymous> (file:///opt/visual-studio-code/resources/app/out/vs/workbench/api/node/extensionHostProcess.js:174:11632)
	at MessagePortMain.emit (node:events:519:28)
	at MessagePortMain._internalPort.emit (node:electron/js2c/utility_init:2:2949) setContext undefined
2024-12-03 18:31:05.963 [info] Extension host with pid 658097 exiting with code 0
