2024-12-03 18:21:39.620 [info] Started local extension host with pid 633539.
2024-12-03 18:21:39.919 [info] Settings Sync: Updating due to initialize
2024-12-03 18:21:39.920 [info] Settings Sync: Updating authentication providers. Authentication Providers from store: [{"id":"github","scopes":["user:email"]},{"id":"microsoft","scopes":["openid","profile","email","offline_access"]}]
2024-12-03 18:21:39.920 [info] Settings Sync: Authentication providers updated ["github","microsoft"]
2024-12-03 18:21:40.463 [info] Settings Sync: Updating authentication providers. Authentication Providers from store: [{"id":"github","scopes":["user:email"]},{"id":"microsoft","scopes":["openid","profile","email","offline_access"]}]
2024-12-03 18:21:40.463 [info] Settings Sync: Authentication providers updated ["github","microsoft"]
2024-12-03 18:21:42.222 [info] [perf] Render performance baseline is 18ms
2024-12-03 18:21:53.148 [error] [Extension Host] Notification handler 'window/logMessage' failed with message: Channel has been closed
2024-12-03 18:21:53.149 [error] [Extension Host] Notification handler 'window/logMessage' failed with message: Channel has been closed
2024-12-03 18:21:53.158 [error] [Extension Host] Notification handler 'window/logMessage' failed with message: Channel has been closed
2024-12-03 18:21:53.175 [error] [Extension Host] Notification handler 'window/logMessage' failed with message: Channel has been closed
2024-12-03 18:21:53.175 [error] [Extension Host] Notification handler 'window/logMessage' failed with message: Channel has been closed
2024-12-03 18:21:53.175 [error] [Extension Host] Notification handler 'window/logMessage' failed with message: Channel has been closed
2024-12-03 18:21:53.175 [error] [Extension Host] Notification handler 'window/logMessage' failed with message: Channel has been closed
2024-12-03 18:21:53.176 [error] [Extension Host] Notification handler 'window/logMessage' failed with message: Channel has been closed
2024-12-03 18:21:53.208 [error] [Extension Host] Notification handler 'window/logMessage' failed with message: Channel has been closed
2024-12-03 18:21:53.208 [error] [Extension Host] Notification handler 'window/logMessage' failed with message: Channel has been closed
2024-12-03 18:21:53.230 [error] [Extension Host] Notification handler 'window/logMessage' failed with message: Channel has been closed
2024-12-03 18:21:53.230 [error] [Extension Host] Notification handler 'window/logMessage' failed with message: Channel has been closed
2024-12-03 18:21:53.230 [error] [Extension Host] Notification handler 'window/logMessage' failed with message: Channel has been closed
2024-12-03 18:21:53.230 [error] [Extension Host] Notification handler 'window/logMessage' failed with message: Channel has been closed
2024-12-03 18:21:53.230 [error] [Extension Host] Notification handler 'window/logMessage' failed with message: Channel has been closed
2024-12-03 18:21:53.253 [error] [Extension Host] Notification handler 'window/logMessage' failed with message: Channel has been closed
2024-12-03 18:21:53.254 [error] [Extension Host] Notification handler 'window/logMessage' failed with message: Channel has been closed
2024-12-03 18:21:53.491 [error] [Extension Host] Notification handler 'window/logMessage' failed with message: Channel has been closed
2024-12-03 18:21:53.492 [error] [Extension Host] Notification handler 'window/logMessage' failed with message: Channel has been closed
2024-12-03 18:22:02.074 [error] [Extension Host] Notification handler 'window/logMessage' failed with message: Channel has been closed
2024-12-03 18:22:02.074 [error] [Extension Host] Notification handler 'window/logMessage' failed with message: Channel has been closed
2024-12-03 18:22:02.074 [error] [Extension Host] Notification handler 'window/logMessage' failed with message: Channel has been closed
2024-12-03 18:22:02.074 [error] [Extension Host] Notification handler 'window/logMessage' failed with message: Channel has been closed
2024-12-03 18:22:02.074 [error] [Extension Host] Notification handler 'window/logMessage' failed with message: Channel has been closed
2024-12-03 18:22:02.098 [error] [Extension Host] Notification handler 'window/logMessage' failed with message: Channel has been closed
2024-12-03 18:22:02.098 [error] [Extension Host] Notification handler 'window/logMessage' failed with message: Channel has been closed
2024-12-03 18:22:02.102 [error] [Extension Host] Notification handler 'window/logMessage' failed with message: Channel has been closed
2024-12-03 18:22:02.102 [error] [Extension Host] Notification handler 'window/logMessage' failed with message: Channel has been closed
2024-12-03 18:22:02.103 [error] [Extension Host] Notification handler 'window/logMessage' failed with message: Channel has been closed
2024-12-03 18:22:02.103 [error] [Extension Host] Notification handler 'window/logMessage' failed with message: Channel has been closed
2024-12-03 18:22:02.104 [error] [Extension Host] Notification handler 'window/logMessage' failed with message: Channel has been closed
2024-12-03 18:22:02.125 [error] [Extension Host] Notification handler 'window/logMessage' failed with message: Channel has been closed
2024-12-03 18:22:02.126 [error] [Extension Host] Notification handler 'window/logMessage' failed with message: Channel has been closed
2024-12-03 18:22:04.556 [error] [Extension Host] Notification handler 'window/logMessage' failed with message: Channel has been closed
2024-12-03 18:22:04.556 [error] [Extension Host] Notification handler 'window/logMessage' failed with message: Channel has been closed
2024-12-03 18:22:04.556 [error] [Extension Host] Notification handler 'window/logMessage' failed with message: Channel has been closed
2024-12-03 18:22:04.557 [error] [Extension Host] Notification handler 'window/logMessage' failed with message: Channel has been closed
2024-12-03 18:22:04.557 [error] [Extension Host] Notification handler 'window/logMessage' failed with message: Channel has been closed
2024-12-03 18:22:04.557 [error] [Extension Host] Notification handler 'window/logMessage' failed with message: Channel has been closed
2024-12-03 18:22:04.572 [error] [Extension Host] Notification handler 'window/logMessage' failed with message: Channel has been closed
2024-12-03 18:22:04.595 [error] [Extension Host] Notification handler 'window/logMessage' failed with message: Channel has been closed
2024-12-03 18:22:04.596 [error] [Extension Host] Notification handler 'window/logMessage' failed with message: Channel has been closed
2024-12-03 18:22:04.601 [error] [Extension Host] Notification handler 'window/logMessage' failed with message: Channel has been closed
2024-12-03 18:22:04.601 [error] [Extension Host] Notification handler 'window/logMessage' failed with message: Channel has been closed
2024-12-03 18:22:04.601 [error] [Extension Host] Notification handler 'window/logMessage' failed with message: Channel has been closed
2024-12-03 18:22:04.601 [error] [Extension Host] Notification handler 'window/logMessage' failed with message: Channel has been closed
2024-12-03 18:22:04.601 [error] [Extension Host] Notification handler 'window/logMessage' failed with message: Channel has been closed
2024-12-03 18:22:04.601 [error] [Extension Host] Notification handler 'window/logMessage' failed with message: Channel has been closed
2024-12-03 18:22:04.617 [error] [Extension Host] Notification handler 'window/logMessage' failed with message: Channel has been closed
2024-12-03 18:22:04.639 [error] [Extension Host] Notification handler 'window/logMessage' failed with message: Channel has been closed
2024-12-03 18:22:04.639 [error] [Extension Host] Notification handler 'window/logMessage' failed with message: Channel has been closed
2024-12-03 18:25:20.714 [error] TreeError [DebugRepl] Tree input not set: Error: TreeError [DebugRepl] Tree input not set
    at Yd.C (vscode-file://vscode-app/opt/visual-studio-code/resources/app/out/vs/workbench/workbench.desktop.main.js:416:30917)
    at Yd.updateChildren (vscode-file://vscode-app/opt/visual-studio-code/resources/app/out/vs/workbench/workbench.desktop.main.js:416:30824)
    at vZ.value (vscode-file://vscode-app/opt/visual-studio-code/resources/app/out/vs/workbench/workbench.desktop.main.js:2054:35241)
    at x.B (vscode-file://vscode-app/opt/visual-studio-code/resources/app/out/vs/workbench/workbench.desktop.main.js:30:747)
    at x.C (vscode-file://vscode-app/opt/visual-studio-code/resources/app/out/vs/workbench/workbench.desktop.main.js:30:817)
    at x.fire (vscode-file://vscode-app/opt/visual-studio-code/resources/app/out/vs/workbench/workbench.desktop.main.js:30:1034)
    at Fme.setVisible (vscode-file://vscode-app/opt/visual-studio-code/resources/app/out/vs/workbench/workbench.desktop.main.js:532:2801)
    at vscode-file://vscode-app/opt/visual-studio-code/resources/app/out/vs/workbench/workbench.desktop.main.js:648:11845
    at Array.map (<anonymous>)
    at sh.setVisible (vscode-file://vscode-app/opt/visual-studio-code/resources/app/out/vs/workbench/workbench.desktop.main.js:648:11836)
