2024-12-18 00:44:24.549 [info] Added views:outline in workbench.view.explorer
2024-12-18 00:44:24.549 [info] Added views:workbench.view.search in workbench.view.search
2024-12-18 00:44:24.549 [info] Added views:workbench.scm in workbench.view.scm
2024-12-18 00:44:24.549 [info] Added views:workbench.panel.markers.view in workbench.panel.markers
2024-12-18 00:44:24.549 [info] Added views:workbench.panel.output in workbench.panel.output
2024-12-18 00:44:24.549 [info] Added views:terminal in terminal
2024-12-18 00:44:24.549 [info] Added views:timeline in workbench.view.explorer
2024-12-18 00:44:24.549 [info] Added views:workbench.explorer.emptyView in workbench.view.explorer
2024-12-18 00:44:24.690 [info] Added views:workbench.debug.variablesView,workbench.debug.watchExpressionsView,workbench.debug.callStackView,workbench.debug.breakPointsView in workbench.view.debug
2024-12-18 00:44:24.898 [info] Added views:projectsExplorerFavorites,projectManagerHelpAndFeedback in workbench.view.extension.project-manager
2024-12-18 00:44:24.898 [info] Added views:gitlens.views.home,gitlens.views.launchpad,gitlens.views.workspaces in workbench.view.extension.gitlens
2024-12-18 00:44:24.898 [info] Added views:gitlens.views.commitDetails,gitlens.views.lineHistory,gitlens.views.fileHistory,gitlens.views.searchAndCompare in workbench.view.extension.gitlensInspect
2024-12-18 00:44:24.899 [info] Added views:gitlens.views.scm.grouped in workbench.view.scm
2024-12-18 00:44:24.899 [info] Added views:docs,formatOptions,progress,languageOptions,team,hotkeyOptions in workbench.view.extension.mintdocs
2024-12-18 00:44:24.899 [info] Added views:cSpellInfoView in workbench.view.extension.cspell-info-explorer
2024-12-18 00:44:24.900 [info] Added views:cSpellIssuesViewByFile,cSpellIssuesViewByIssue in workbench.view.extension.cspellPanel
2024-12-18 00:44:24.993 [info] Added views:workbench.panel.repl.view in workbench.panel.repl
2024-12-18 00:44:24.994 [info] Removed views:workbench.debug.breakPointsView,workbench.debug.callStackView,workbench.debug.watchExpressionsView,workbench.debug.variablesView from workbench.view.debug
2024-12-18 00:44:24.994 [info] Added views:workbench.debug.welcome in workbench.view.debug
2024-12-18 00:44:25.261 [info] Added views:~remote.forwardedPorts in ~remote.forwardedPortsContainer
2024-12-18 00:44:25.717 [info] Added views:projectsExplorerGit in workbench.view.extension.project-manager
2024-12-18 00:44:25.721 [info] Removed views:gitlens.views.searchAndCompare,gitlens.views.fileHistory,gitlens.views.lineHistory,gitlens.views.commitDetails from workbench.view.extension.gitlensInspect
2024-12-18 00:44:25.721 [info] Removed views:gitlens.views.scm.grouped from workbench.view.scm
2024-12-18 00:44:25.765 [info] Added views:gitlens.views.drafts in workbench.view.extension.gitlens
