2025-01-09 12:55:43.849 [info] Starting Python Locator /home/fabian/.vscode/extensions/ms-python.python-2024.22.0-linux-x64/python-env-tools/bin/pet server
2025-01-09 12:55:44.580 [info] Discovered env: /bin/python
2025-01-09 12:55:44.594 [info] Discovered env: /usr/bin/python
2025-01-09 12:55:44.596 [info] Env ("/sbin/python") in Path resolved as ResolvedPythonEnv { executable: "/sbin/python", prefix: "/usr", version: "3.12.7.final.0", is64_bit: true, symlinks: Some(["/sbin/python"]) } and reported as Some(GlobalPaths)
2025-01-09 12:55:44.596 [info] Discovered env: /sbin/python
2025-01-09 12:55:44.598 [info] Env ("/usr/sbin/python") in Path resolved as ResolvedPythonEnv { executable: "/usr/sbin/python", prefix: "/usr", version: "3.12.7.final.0", is64_bit: true, symlinks: Some(["/usr/sbin/python"]) } and reported as Some(GlobalPaths)
2025-01-09 12:55:44.598 [info] Discovered env: /usr/sbin/python
2025-01-09 12:55:44.600 [info] Env ("/sbin/python3") in Path resolved as ResolvedPythonEnv { executable: "/sbin/python3", prefix: "/usr", version: "3.12.7.final.0", is64_bit: true, symlinks: Some(["/sbin/python3"]) } and reported as Some(GlobalPaths)
2025-01-09 12:55:44.600 [info] Discovered env: /sbin/python3
2025-01-09 12:55:44.603 [info] Env ("/usr/sbin/python3") in Path resolved as ResolvedPythonEnv { executable: "/usr/sbin/python3", prefix: "/usr", version: "3.12.7.final.0", is64_bit: true, symlinks: Some(["/usr/sbin/python3"]) } and reported as Some(GlobalPaths)
2025-01-09 12:55:44.603 [info] Discovered env: /usr/sbin/python3
2025-01-09 12:55:44.605 [info] Resolved Python Environment /usr/bin/python
2025-01-09 12:55:44.616 [info] Env ("/sbin/python3.13") in Path resolved as ResolvedPythonEnv { executable: "/sbin/python3.13", prefix: "/usr", version: "3.13.1.final.0", is64_bit: true, symlinks: Some(["/sbin/python3.13"]) } and reported as Some(GlobalPaths)
2025-01-09 12:55:44.616 [info] Discovered env: /sbin/python3.13
2025-01-09 12:55:44.618 [info] Env ("/usr/sbin/python3.13") in Path resolved as ResolvedPythonEnv { executable: "/usr/sbin/python3.13", prefix: "/usr", version: "3.13.1.final.0", is64_bit: true, symlinks: Some(["/usr/sbin/python3.13"]) } and reported as Some(GlobalPaths)
2025-01-09 12:55:44.619 [info] Discovered env: /usr/sbin/python3.13
2025-01-09 12:55:44.622 [info] Locator Conda took 101.943363ms
2025-01-09 12:55:44.622 [info] Locator Homebrew took 72.969µs
2025-01-09 12:55:44.622 [info] Locator LinuxGlobal took 103.443671ms
2025-01-09 12:55:44.622 [info] Locator PipEnv took 16.75µs
2025-01-09 12:55:44.622 [info] Locator Poetry took 181.358µs
2025-01-09 12:55:44.622 [info] Locator PyEnv took 270.507µs
2025-01-09 12:55:44.622 [info] Locator Venv took 51.239µs
2025-01-09 12:55:44.622 [info] Locator VirtualEnv took 10.56µs
2025-01-09 12:55:44.622 [info] Locator VirtualEnvWrapper took 12.9µs
2025-01-09 12:55:44.622 [info] Locator GlobalVirtualEnvs took 145.448µs
2025-01-09 12:55:44.622 [info] Locator Locators took 104.168014ms
2025-01-09 12:55:44.622 [info] Locator Path took 255.486344ms
2025-01-09 12:55:44.622 [info] Locator Workspaces took 830ns
2025-01-09 12:55:44.622 [info] Refresh completed in 255ms
2025-01-09 12:57:08.150 [info] Resolved Python Environment /usr/bin/python
2025-01-09 12:58:57.957 [info] Resolved Python Environment /usr/bin/python
2025-01-09 12:59:47.624 [info] Resolved Python Environment /usr/bin/python
2025-01-09 13:00:33.917 [info] Resolved Python Environment /usr/bin/python
2025-01-09 13:05:13.649 [info] Resolved Python Environment /usr/bin/python
2025-01-09 13:08:02.991 [info] Resolved Python Environment /usr/bin/python
2025-01-09 13:58:28.836 [info] Resolved Python Environment /usr/bin/python
2025-01-09 14:00:02.951 [info] Resolved Python Environment /usr/bin/python
2025-01-09 14:01:29.913 [info] Resolved Python Environment /usr/bin/python
2025-01-09 14:02:07.283 [info] Resolved Python Environment /usr/bin/python
2025-01-09 14:04:59.438 [info] Resolved Python Environment /usr/bin/python
2025-01-09 14:07:58.650 [info] Resolved Python Environment /usr/bin/python
2025-01-09 14:10:45.593 [info] Resolved Python Environment /usr/bin/python
2025-01-09 14:11:50.143 [info] Resolved Python Environment /usr/bin/python
2025-01-09 14:15:44.193 [info] Resolved Python Environment /usr/bin/python
2025-01-09 14:20:02.782 [info] Resolved Python Environment /usr/bin/python
2025-01-09 14:20:34.744 [info] Resolved Python Environment /usr/bin/python
2025-01-09 14:28:18.541 [info] Resolved Python Environment /usr/bin/python
2025-01-09 14:33:56.447 [info] Resolved Python Environment /usr/bin/python
2025-01-09 14:34:26.612 [info] Resolved Python Environment /usr/bin/python
2025-01-09 14:35:10.865 [info] Resolved Python Environment /usr/bin/python
2025-01-09 14:35:44.329 [info] Resolved Python Environment /usr/bin/python
2025-01-09 14:36:29.793 [info] Resolved Python Environment /usr/bin/python
2025-01-09 14:37:07.776 [info] Resolved Python Environment /usr/bin/python
2025-01-09 14:39:45.875 [info] Resolved Python Environment /usr/bin/python
2025-01-09 14:41:11.049 [info] Resolved Python Environment /usr/bin/python
2025-01-09 14:41:57.575 [info] Resolved Python Environment /usr/bin/python
2025-01-09 14:42:44.288 [info] Resolved Python Environment /usr/bin/python
2025-01-09 14:43:20.202 [info] Resolved Python Environment /usr/bin/python
2025-01-09 14:44:31.981 [info] Resolved Python Environment /usr/bin/python
2025-01-09 14:45:06.641 [info] Resolved Python Environment /usr/bin/python
2025-01-09 14:47:49.381 [info] Resolved Python Environment /usr/bin/python
2025-01-09 14:50:24.506 [info] Resolved Python Environment /usr/bin/python
2025-01-09 14:51:14.749 [info] Resolved Python Environment /usr/bin/python
2025-01-09 14:52:16.457 [info] Resolved Python Environment /usr/bin/python
2025-01-09 14:58:06.453 [info] Resolved Python Environment /usr/bin/python
2025-01-09 15:01:01.874 [info] Resolved Python Environment /usr/bin/python
2025-01-09 15:03:58.197 [info] Resolved Python Environment /usr/bin/python
2025-01-09 15:05:57.009 [info] Resolved Python Environment /usr/bin/python
2025-01-09 15:12:51.192 [info] Resolved Python Environment /usr/bin/python
2025-01-09 15:13:31.105 [info] Resolved Python Environment /usr/bin/python
2025-01-09 15:14:09.942 [info] Resolved Python Environment /usr/bin/python
2025-01-09 15:26:40.375 [info] Resolved Python Environment /usr/bin/python
2025-01-09 15:55:55.915 [info] Resolved Python Environment /usr/bin/python
2025-01-09 15:59:22.613 [info] Resolved Python Environment /usr/bin/python
2025-01-09 16:55:56.908 [info] Resolved Python Environment /usr/bin/python
2025-01-09 16:57:55.667 [info] Resolved Python Environment /usr/bin/python
2025-01-09 17:58:05.007 [info] Resolved Python Environment /usr/bin/python
2025-01-09 17:58:39.307 [info] Resolved Python Environment /usr/bin/python
2025-01-09 17:59:11.554 [info] Resolved Python Environment /usr/bin/python
2025-01-09 18:00:00.192 [info] Resolved Python Environment /usr/bin/python
