2024-12-03 18:46:58.578 [info] (Client) Pylance async client (2024.11.3) started with python extension (2024.20.0)
2024-12-03 18:46:58.925 [info] [Info  - 18:46:58] (701298) Server root directory: file:///home/fabian/.vscode/extensions/ms-python.vscode-pylance-2024.11.3/dist
2024-12-03 18:46:58.925 [info] [Info  - 18:46:58] (701298) Pylance language server 2024.11.3 (pyright version 1.1.386, commit 4180fa21) starting
2024-12-03 18:46:58.937 [info] [Info  - 18:46:58] (701298) Starting service instance "<default>"
2024-12-03 18:46:58.956 [info] [Info  - 18:46:58] (701298) Setting environmentName for service "<default>": "3.12.7 (global)"
2024-12-03 18:46:58.956 [info] [Info  - 18:46:58] (701298) Setting pythonPath for service "<default>": "/usr/bin/python"
2024-12-03 18:46:58.957 [info] [Info  - 18:46:58] (701298) No include entries specified; assuming /<default workspace root>
2024-12-03 18:46:58.957 [info] [Info  - 18:46:58] (701298) Auto-excluding **/node_modules
2024-12-03 18:46:58.957 [info] [Info  - 18:46:58] (701298) Auto-excluding **/__pycache__
2024-12-03 18:46:58.957 [info] [Info  - 18:46:58] (701298) Auto-excluding **/.*
2024-12-03 18:46:58.974 [info] [Info  - 18:46:58] (701298) Assuming Python version 3.12.7.final.0
2024-12-03 18:46:59.007 [info] [Error - 18:46:59] (701298) File or directory "/<default workspace root>" does not exist.
2024-12-03 18:46:59.008 [info] [Info  - 18:46:59] (701298) No source files found.
2024-12-03 18:46:59.035 [info] [Info  - 18:46:59] (701298) Setting environmentName for service "<default>": "3.12.7 (global)"
2024-12-03 18:46:59.035 [info] [Info  - 18:46:59] (701298) Setting pythonPath for service "<default>": "/usr/bin/python"
2024-12-03 18:46:59.035 [info] [Info  - 18:46:59] (701298) No include entries specified; assuming /<default workspace root>
2024-12-03 18:46:59.035 [info] [Info  - 18:46:59] (701298) Auto-excluding **/node_modules
2024-12-03 18:46:59.035 [info] [Info  - 18:46:59] (701298) Auto-excluding **/__pycache__
2024-12-03 18:46:59.035 [info] [Info  - 18:46:59] (701298) Auto-excluding **/.*
2024-12-03 18:46:59.049 [info] [Info  - 18:46:59] (701298) Assuming Python version 3.12.7.final.0
2024-12-03 18:46:59.076 [info] [Error - 18:46:59] (701298) File or directory "/<default workspace root>" does not exist.
2024-12-03 18:46:59.076 [info] [Info  - 18:46:59] (701298) No source files found.
2024-12-03 18:46:59.323 [info] [Info  - 18:46:59] (701298) Background analysis(1) root directory: file:///home/fabian/.vscode/extensions/ms-python.vscode-pylance-2024.11.3/dist
2024-12-03 18:46:59.324 [info] [Info  - 18:46:59] (701298) Background analysis(1) started
