2024-12-17 23:46:09.269 [info] Started local extension host with pid 122674.
2024-12-17 23:46:10.308 [info] Settings Sync: Updating due to initialize
2024-12-17 23:46:10.308 [info] Settings Sync: Updating authentication providers. Authentication Providers from store: [{"id":"github","scopes":["user:email"]},{"id":"microsoft","scopes":["openid","profile","email","offline_access"]}]
2024-12-17 23:46:10.308 [info] Settings Sync: Authentication providers updated []
2024-12-17 23:46:10.316 [info] Settings Sync: Updating authentication providers. Authentication Providers from store: [{"id":"github","scopes":["user:email"]},{"id":"microsoft","scopes":["openid","profile","email","offline_access"]}]
2024-12-17 23:46:10.316 [info] Settings Sync: Authentication providers updated ["github"]
2024-12-17 23:46:10.316 [info] Settings Sync: Updating authentication providers. Authentication Providers from store: [{"id":"github","scopes":["user:email"]},{"id":"microsoft","scopes":["openid","profile","email","offline_access"]}]
2024-12-17 23:46:10.316 [info] Settings Sync: Authentication providers updated ["github"]
2024-12-17 23:46:10.316 [info] Settings Sync: Updating authentication providers. Authentication Providers from store: [{"id":"github","scopes":["user:email"]},{"id":"microsoft","scopes":["openid","profile","email","offline_access"]}]
2024-12-17 23:46:10.316 [info] Settings Sync: Authentication providers updated ["github","microsoft"]
2024-12-17 23:46:10.316 [info] Settings Sync: Updating authentication providers. Authentication Providers from store: [{"id":"github","scopes":["user:email"]},{"id":"microsoft","scopes":["openid","profile","email","offline_access"]}]
2024-12-17 23:46:10.316 [info] Settings Sync: Authentication providers updated ["github","microsoft"]
2024-12-17 23:46:10.324 [info] Settings Sync: Updating due to declared authentication providers changed
2024-12-17 23:46:10.324 [info] Settings Sync: Updating authentication providers. Authentication Providers from store: [{"id":"github","scopes":["user:email"]},{"id":"microsoft","scopes":["openid","profile","email","offline_access"]}]
2024-12-17 23:46:10.325 [info] Settings Sync: Authentication providers updated ["github","microsoft"]
2024-12-17 23:46:10.325 [info] Settings Sync: Updating due to declared authentication providers changed
2024-12-17 23:46:10.325 [info] Settings Sync: Updating authentication providers. Authentication Providers from store: [{"id":"github","scopes":["user:email"]},{"id":"microsoft","scopes":["openid","profile","email","offline_access"]}]
2024-12-17 23:46:10.325 [info] Settings Sync: Authentication providers updated ["github","microsoft"]
2024-12-17 23:46:11.133 [info] Settings Sync: Updating authentication providers. Authentication Providers from store: [{"id":"github","scopes":["user:email"]},{"id":"microsoft","scopes":["openid","profile","email","offline_access"]}]
2024-12-17 23:46:11.133 [info] Settings Sync: Authentication providers updated ["github","microsoft"]
2024-12-17 23:46:11.867 [info] [perf] Render performance baseline is 16ms
2024-12-17 23:46:25.181 [info] Started local extension host with pid 123074.
2024-12-17 23:46:25.526 [info] Settings Sync: Updating due to initialize
2024-12-17 23:46:25.526 [info] Settings Sync: Updating authentication providers. Authentication Providers from store: [{"id":"github","scopes":["user:email"]},{"id":"microsoft","scopes":["openid","profile","email","offline_access"]}]
2024-12-17 23:46:25.526 [info] Settings Sync: Authentication providers updated ["github","microsoft"]
2024-12-17 23:46:25.920 [info] Settings Sync: Updating authentication providers. Authentication Providers from store: [{"id":"github","scopes":["user:email"]},{"id":"microsoft","scopes":["openid","profile","email","offline_access"]}]
2024-12-17 23:46:25.920 [info] Settings Sync: Authentication providers updated ["github","microsoft"]
2024-12-17 23:46:27.753 [info] [perf] Render performance baseline is 17ms
2024-12-17 23:46:42.614 [error] Cannot read the extension from /home/fabian/.vscode/extensions/ms-toolsai.jupyter-2024.11.0-linux-x64: ScanningExtension: Cannot read the extension from /home/fabian/.vscode/extensions/ms-toolsai.jupyter-2024.11.0-linux-x64
    at Kl.scanLocalExtension (file:///opt/visual-studio-code/resources/app/out/vs/code/electron-utility/sharedProcess/sharedProcessMain.js:70:73160)
    at async Xl.h (file:///opt/visual-studio-code/resources/app/out/vs/code/electron-utility/sharedProcess/sharedProcessMain.js:70:78102)
