2024-12-03 18:46:55.885 [info] Added views:outline in workbench.view.explorer
2024-12-03 18:46:55.885 [info] Added views:workbench.view.search in workbench.view.search
2024-12-03 18:46:55.885 [info] Added views:workbench.scm in workbench.view.scm
2024-12-03 18:46:55.885 [info] Added views:workbench.panel.markers.view in workbench.panel.markers
2024-12-03 18:46:55.885 [info] Added views:workbench.panel.output in workbench.panel.output
2024-12-03 18:46:55.885 [info] Added views:terminal in terminal
2024-12-03 18:46:55.885 [info] Added views:timeline in workbench.view.explorer
2024-12-03 18:46:55.885 [info] Added views:workbench.explorer.emptyView in workbench.view.explorer
2024-12-03 18:46:56.006 [info] Added views:workbench.debug.welcome in workbench.view.debug
2024-12-03 18:46:56.331 [info] Added views:projectsExplorerFavorites,projectManagerHelpAndFeedback in workbench.view.extension.project-manager
2024-12-03 18:46:56.331 [info] Added views:gitlens.views.home,gitlens.views.launchpad,gitlens.views.workspaces in workbench.view.extension.gitlens
2024-12-03 18:46:56.332 [info] Added views:gitlens.views.commitDetails,gitlens.views.lineHistory,gitlens.views.fileHistory,gitlens.views.searchAndCompare in workbench.view.extension.gitlensInspect
2024-12-03 18:46:56.332 [info] Added views:gitlens.views.scm.grouped in workbench.view.scm
2024-12-03 18:46:56.332 [info] Added views:docs,formatOptions,progress,languageOptions,team,hotkeyOptions in workbench.view.extension.mintdocs
2024-12-03 18:46:56.333 [info] Added views:cSpellInfoView in workbench.view.extension.cspell-info-explorer
2024-12-03 18:46:56.333 [info] Added views:cSpellIssuesViewByFile,cSpellIssuesViewByIssue in workbench.view.extension.cspellPanel
2024-12-03 18:46:56.531 [info] Added views:workbench.panel.repl.view in workbench.panel.repl
2024-12-03 18:46:56.966 [info] Added views:~remote.forwardedPorts in ~remote.forwardedPortsContainer
2024-12-03 18:46:57.015 [info] Added views:workbench.view.testing in workbench.view.extension.test
2024-12-03 18:46:57.659 [info] Added views:projectsExplorerGit in workbench.view.extension.project-manager
2024-12-03 18:46:57.661 [info] Removed views:gitlens.views.searchAndCompare,gitlens.views.fileHistory,gitlens.views.lineHistory,gitlens.views.commitDetails from workbench.view.extension.gitlensInspect
2024-12-03 18:46:57.662 [info] Removed views:gitlens.views.scm.grouped from workbench.view.scm
2024-12-03 18:46:57.705 [info] Added views:gitlens.views.drafts in workbench.view.extension.gitlens
2024-12-03 18:49:23.465 [info] Removed views:workbench.view.testing from workbench.view.extension.test
