2024-12-03 18:21:45.814 [info] Experiment 'pythonRecommendTensorboardExt' is active
2024-12-03 18:21:45.814 [info] Experiment 'pythonTerminalEnvVarActivation' is active
2024-12-03 18:21:45.814 [info] Experiment 'pythonTestAdapter' is active
2024-12-03 18:21:45.814 [info] Native locator: Refresh started
2024-12-03 18:21:45.814 [error] Python discovery not supported in untrusted workspace
2024-12-03 18:21:45.814 [info] Native locator: Refresh finished in 7 ms
2024-12-03 18:21:45.814 [error] Python discovery not supported in untrusted workspace
2024-12-03 18:21:45.814 [error] Invalid environment [native]: {}
2024-12-03 18:21:46.680 [info] Starting Pylance language server.
2024-12-03 18:21:52.125 [info] Experiment 'pythonRecommendTensorboardExt' is active
2024-12-03 18:21:52.125 [info] Experiment 'pythonTerminalEnvVarActivation' is active
2024-12-03 18:21:52.125 [info] Experiment 'pythonTestAdapter' is active
2024-12-03 18:21:52.125 [info] Native locator: Refresh started
2024-12-03 18:21:52.510 [info] Native locator: Refresh finished in 406 ms
2024-12-03 18:21:53.155 [info] Starting Pylance language server.
2024-12-03 18:21:57.241 [info] Native locator: Refresh started
2024-12-03 18:21:57.443 [info] Native locator: Refresh finished in 201 ms
2024-12-03 18:22:03.709 [info] Native locator: Refresh started
2024-12-03 18:22:03.893 [info] Native locator: Refresh finished in 183 ms
2024-12-03 18:22:04.546 [info] Python interpreter path: /usr/bin/python
2024-12-03 18:22:05.371 [info] CreateEnv Trigger - Workspace not found for /home/fabian/Documents/lalala.py
