2024-12-17 23:46:11.248 [info] Reading sessions from keychain...
2024-12-17 23:46:11.248 [info] Getting sessions for all scopes...
2024-12-17 23:46:11.248 [info] Got 0 sessions for ...
2024-12-17 23:46:11.248 [info] Getting sessions for all scopes...
2024-12-17 23:46:11.248 [info] Got 0 sessions for ...
2024-12-17 23:46:11.248 [info] Getting sessions for all scopes...
2024-12-17 23:46:11.248 [info] Got 0 sessions for ...
2024-12-17 23:46:11.248 [info] Getting sessions for read:user,repo,user:email...
2024-12-17 23:46:11.248 [info] Got 0 sessions for read:user,repo,user:email...
2024-12-17 23:46:11.731 [info] Getting sessions for all scopes...
2024-12-17 23:46:11.731 [info] Got 0 sessions for ...
2024-12-17 23:46:25.932 [info] Reading sessions from keychain...
2024-12-17 23:46:25.932 [info] Getting sessions for all scopes...
2024-12-17 23:46:25.932 [info] Got 0 sessions for ...
2024-12-17 23:46:25.932 [info] Getting sessions for all scopes...
2024-12-17 23:46:25.932 [info] Got 0 sessions for ...
2024-12-17 23:46:25.932 [info] Getting sessions for all scopes...
2024-12-17 23:46:25.932 [info] Got 0 sessions for ...
2024-12-17 23:46:25.932 [info] Getting sessions for read:user,repo,user:email...
2024-12-17 23:46:25.932 [info] Got 0 sessions for read:user,repo,user:email...
2024-12-17 23:46:27.690 [info] Getting sessions for all scopes...
2024-12-17 23:46:27.690 [info] Got 0 sessions for ...
