2024-12-03 18:30:52.170 [info] (Client) Pylance async client (2024.11.3) started with python extension (2024.20.0)
2024-12-03 18:30:52.516 [info] [Info  - 18:30:52] (658245) Server root directory: file:///home/fabian/.vscode/extensions/ms-python.vscode-pylance-2024.11.3/dist
2024-12-03 18:30:52.516 [info] [Info  - 18:30:52] (658245) Pylance language server 2024.11.3 (pyright version 1.1.386, commit 4180fa21) starting
2024-12-03 18:30:52.529 [info] [Info  - 18:30:52] (658245) Starting service instance "<default>"
2024-12-03 18:30:52.546 [info] [Info  - 18:30:52] (658245) No include entries specified; assuming /<default workspace root>
2024-12-03 18:30:52.546 [info] [Info  - 18:30:52] (658245) Auto-excluding **/node_modules
2024-12-03 18:30:52.546 [info] [Info  - 18:30:52] (658245) Auto-excluding **/__pycache__
2024-12-03 18:30:52.546 [info] [Info  - 18:30:52] (658245) Auto-excluding **/.*
2024-12-03 18:30:52.561 [info] [Error - 18:30:52] (658245) File or directory "/<default workspace root>" does not exist.
2024-12-03 18:30:52.561 [info] [Info  - 18:30:52] (658245) No source files found.
2024-12-03 18:30:52.580 [info] [Info  - 18:30:52] (658245) No include entries specified; assuming /<default workspace root>
2024-12-03 18:30:52.580 [info] [Info  - 18:30:52] (658245) Auto-excluding **/node_modules
2024-12-03 18:30:52.580 [info] [Info  - 18:30:52] (658245) Auto-excluding **/__pycache__
2024-12-03 18:30:52.580 [info] [Info  - 18:30:52] (658245) Auto-excluding **/.*
2024-12-03 18:30:52.586 [info] [Error - 18:30:52] (658245) File or directory "/<default workspace root>" does not exist.
2024-12-03 18:30:52.586 [info] [Info  - 18:30:52] (658245) No source files found.
2024-12-03 18:30:52.867 [info] [Info  - 18:30:52] (658245) Background analysis(1) root directory: file:///home/fabian/.vscode/extensions/ms-python.vscode-pylance-2024.11.3/dist
2024-12-03 18:30:52.869 [info] [Info  - 18:30:52] (658245) Background analysis(1) started
2024-12-03 18:30:53.245 [info] [Info  - 18:30:53] (658245) No include entries specified; assuming /<default workspace root>
2024-12-03 18:30:53.245 [info] [Info  - 18:30:53] (658245) Auto-excluding **/node_modules
2024-12-03 18:30:53.245 [info] [Info  - 18:30:53] (658245) Auto-excluding **/__pycache__
2024-12-03 18:30:53.246 [info] [Info  - 18:30:53] (658245) Auto-excluding **/.*
2024-12-03 18:30:53.253 [info] [Error - 18:30:53] (658245) File or directory "/<default workspace root>" does not exist.
2024-12-03 18:30:53.254 [info] [Info  - 18:30:53] (658245) No source files found.
2024-12-03 18:30:55.976 [info] [Info  - 18:30:55] (658245) No include entries specified; assuming /<default workspace root>
2024-12-03 18:30:55.976 [info] [Info  - 18:30:55] (658245) Auto-excluding **/node_modules
2024-12-03 18:30:55.976 [info] [Info  - 18:30:55] (658245) Auto-excluding **/__pycache__
2024-12-03 18:30:55.976 [info] [Info  - 18:30:55] (658245) Auto-excluding **/.*
2024-12-03 18:30:55.982 [info] [Error - 18:30:55] (658245) File or directory "/<default workspace root>" does not exist.
2024-12-03 18:30:55.982 [info] [Info  - 18:30:55] (658245) No source files found.
