2025-01-09 12:55:42.553 [info] Added views:outline in workbench.view.explorer
2025-01-09 12:55:42.553 [info] Added views:workbench.view.search in workbench.view.search
2025-01-09 12:55:42.553 [info] Added views:workbench.scm in workbench.view.scm
2025-01-09 12:55:42.553 [info] Added views:workbench.panel.markers.view in workbench.panel.markers
2025-01-09 12:55:42.553 [info] Added views:workbench.panel.output in workbench.panel.output
2025-01-09 12:55:42.553 [info] Added views:terminal in terminal
2025-01-09 12:55:42.553 [info] Added views:timeline in workbench.view.explorer
2025-01-09 12:55:42.553 [info] Added views:workbench.explorer.emptyView in workbench.view.explorer
2025-01-09 12:55:42.631 [info] Added views:workbench.debug.variablesView,workbench.debug.watchExpressionsView,workbench.debug.callStackView,workbench.debug.breakPointsView in workbench.view.debug
2025-01-09 12:55:42.852 [info] Added views:projectsExplorerFavorites,projectManagerHelpAndFeedback in workbench.view.extension.project-manager
2025-01-09 12:55:42.853 [info] Added views:gitlens.views.home,gitlens.views.launchpad,gitlens.views.workspaces in workbench.view.extension.gitlens
2025-01-09 12:55:42.853 [info] Added views:gitlens.views.commitDetails,gitlens.views.lineHistory,gitlens.views.fileHistory,gitlens.views.searchAndCompare in workbench.view.extension.gitlensInspect
2025-01-09 12:55:42.853 [info] Added views:gitlens.views.scm.grouped in workbench.view.scm
2025-01-09 12:55:42.854 [info] Added views:docs,formatOptions,progress,languageOptions,team,hotkeyOptions in workbench.view.extension.mintdocs
2025-01-09 12:55:42.854 [info] Added views:cSpellInfoView in workbench.view.extension.cspell-info-explorer
2025-01-09 12:55:42.854 [info] Added views:cSpellIssuesViewByFile,cSpellIssuesViewByIssue in workbench.view.extension.cspellPanel
2025-01-09 12:55:43.059 [info] Added views:workbench.panel.repl.view in workbench.panel.repl
2025-01-09 12:55:43.060 [info] Removed views:workbench.debug.breakPointsView,workbench.debug.callStackView,workbench.debug.watchExpressionsView,workbench.debug.variablesView from workbench.view.debug
2025-01-09 12:55:43.060 [info] Added views:workbench.debug.welcome in workbench.view.debug
2025-01-09 12:55:43.263 [info] Added views:~remote.forwardedPorts in ~remote.forwardedPortsContainer
2025-01-09 12:55:43.514 [info] Added views:workbench.view.testing in workbench.view.extension.test
2025-01-09 12:55:44.195 [info] Added views:projectsExplorerGit in workbench.view.extension.project-manager
2025-01-09 12:55:44.198 [info] Removed views:gitlens.views.searchAndCompare,gitlens.views.fileHistory,gitlens.views.lineHistory,gitlens.views.commitDetails from workbench.view.extension.gitlensInspect
2025-01-09 12:55:44.199 [info] Removed views:gitlens.views.scm.grouped from workbench.view.scm
2025-01-09 12:55:44.234 [info] Added views:gitlens.views.drafts in workbench.view.extension.gitlens
2025-01-09 18:02:56.205 [info] Removed views:workbench.view.testing from workbench.view.extension.test
