2024-12-03 18:56:14.383 [info] (Client) Pylance async client (2024.11.3) started with python extension (2024.20.0)
2024-12-03 18:56:14.722 [info] [Info  - 18:56:14] (725999) Server root directory: file:///home/fabian/.vscode/extensions/ms-python.vscode-pylance-2024.11.3/dist
2024-12-03 18:56:14.723 [info] [Info  - 18:56:14] (725999) Pylance language server 2024.11.3 (pyright version 1.1.386, commit 4180fa21) starting
2024-12-03 18:56:14.743 [info] [Info  - 18:56:14] (725999) Starting service instance "<default>"
2024-12-03 18:56:14.763 [info] [Info  - 18:56:14] (725999) Setting environmentName for service "<default>": "3.12.7 (global)"
2024-12-03 18:56:14.763 [info] [Info  - 18:56:14] (725999) Setting pythonPath for service "<default>": "/usr/bin/python"
2024-12-03 18:56:14.763 [info] [Info  - 18:56:14] (725999) No include entries specified; assuming /<default workspace root>
2024-12-03 18:56:14.763 [info] [Info  - 18:56:14] (725999) Auto-excluding **/node_modules
2024-12-03 18:56:14.764 [info] [Info  - 18:56:14] (725999) Auto-excluding **/__pycache__
2024-12-03 18:56:14.764 [info] [Info  - 18:56:14] (725999) Auto-excluding **/.*
2024-12-03 18:56:14.782 [info] [Info  - 18:56:14] (725999) Assuming Python version 3.12.7.final.0
2024-12-03 18:56:14.816 [info] [Error - 18:56:14] (725999) File or directory "/<default workspace root>" does not exist.
2024-12-03 18:56:14.817 [info] [Info  - 18:56:14] (725999) No source files found.
2024-12-03 18:56:14.842 [info] [Info  - 18:56:14] (725999) Setting environmentName for service "<default>": "3.12.7 (global)"
2024-12-03 18:56:14.843 [info] [Info  - 18:56:14] (725999) Setting pythonPath for service "<default>": "/usr/bin/python"
2024-12-03 18:56:14.843 [info] [Info  - 18:56:14] (725999) No include entries specified; assuming /<default workspace root>
2024-12-03 18:56:14.843 [info] [Info  - 18:56:14] (725999) Auto-excluding **/node_modules
2024-12-03 18:56:14.843 [info] [Info  - 18:56:14] (725999) Auto-excluding **/__pycache__
2024-12-03 18:56:14.843 [info] [Info  - 18:56:14] (725999) Auto-excluding **/.*
2024-12-03 18:56:14.860 [info] [Info  - 18:56:14] (725999) Assuming Python version 3.12.7.final.0
2024-12-03 18:56:14.887 [info] [Error - 18:56:14] (725999) File or directory "/<default workspace root>" does not exist.
2024-12-03 18:56:14.887 [info] [Info  - 18:56:14] (725999) No source files found.
2024-12-03 18:56:15.130 [info] [Info  - 18:56:15] (725999) Background analysis(1) root directory: file:///home/fabian/.vscode/extensions/ms-python.vscode-pylance-2024.11.3/dist
2024-12-03 18:56:15.131 [info] [Info  - 18:56:15] (725999) Background analysis(1) started
