2025-01-09 12:55:42.657 [info] Started local extension host with pid 36648.
2025-01-09 12:55:43.265 [info] Settings Sync: Updating due to initialize
2025-01-09 12:55:43.265 [info] Settings Sync: Updating authentication providers. Authentication Providers from store: [{"id":"github","scopes":["user:email"]},{"id":"microsoft","scopes":["openid","profile","email","offline_access"]}]
2025-01-09 12:55:43.265 [info] Settings Sync: Authentication providers updated []
2025-01-09 12:55:43.268 [info] Settings Sync: Updating authentication providers. Authentication Providers from store: [{"id":"github","scopes":["user:email"]},{"id":"microsoft","scopes":["openid","profile","email","offline_access"]}]
2025-01-09 12:55:43.268 [info] Settings Sync: Authentication providers updated ["github"]
2025-01-09 12:55:43.268 [info] Settings Sync: Updating authentication providers. Authentication Providers from store: [{"id":"github","scopes":["user:email"]},{"id":"microsoft","scopes":["openid","profile","email","offline_access"]}]
2025-01-09 12:55:43.269 [info] Settings Sync: Authentication providers updated ["github"]
2025-01-09 12:55:43.269 [info] Settings Sync: Updating authentication providers. Authentication Providers from store: [{"id":"github","scopes":["user:email"]},{"id":"microsoft","scopes":["openid","profile","email","offline_access"]}]
2025-01-09 12:55:43.269 [info] Settings Sync: Authentication providers updated ["github","microsoft"]
2025-01-09 12:55:43.269 [info] Settings Sync: Updating authentication providers. Authentication Providers from store: [{"id":"github","scopes":["user:email"]},{"id":"microsoft","scopes":["openid","profile","email","offline_access"]}]
2025-01-09 12:55:43.269 [info] Settings Sync: Authentication providers updated ["github","microsoft"]
2025-01-09 12:55:43.299 [info] Settings Sync: Updating due to declared authentication providers changed
2025-01-09 12:55:43.299 [info] Settings Sync: Updating authentication providers. Authentication Providers from store: [{"id":"github","scopes":["user:email"]},{"id":"microsoft","scopes":["openid","profile","email","offline_access"]}]
2025-01-09 12:55:43.299 [info] Settings Sync: Authentication providers updated ["github","microsoft"]
2025-01-09 12:55:43.299 [info] Settings Sync: Updating due to declared authentication providers changed
2025-01-09 12:55:43.299 [info] Settings Sync: Updating authentication providers. Authentication Providers from store: [{"id":"github","scopes":["user:email"]},{"id":"microsoft","scopes":["openid","profile","email","offline_access"]}]
2025-01-09 12:55:43.299 [info] Settings Sync: Authentication providers updated ["github","microsoft"]
2025-01-09 12:55:44.385 [info] Settings Sync: Updating authentication providers. Authentication Providers from store: [{"id":"github","scopes":["user:email"]},{"id":"microsoft","scopes":["openid","profile","email","offline_access"]}]
2025-01-09 12:55:44.385 [info] Settings Sync: Authentication providers updated ["github","microsoft"]
2025-01-09 12:55:45.254 [info] [perf] Render performance baseline is 17ms
2025-01-09 12:55:45.707 [error] [/home/fabian/.vscode/extensions/ms-toolsai.jupyter-2024.11.0-linux-x64]: Extension is not compatible with Code 1.95.3. Extension requires: ^1.96.0.
2025-01-09 12:56:15.326 [error] Cannot read the extension from /home/fabian/.vscode/extensions/ms-toolsai.jupyter-2024.11.0-linux-x64: ScanningExtension: Cannot read the extension from /home/fabian/.vscode/extensions/ms-toolsai.jupyter-2024.11.0-linux-x64
    at Kl.scanLocalExtension (file:///opt/visual-studio-code/resources/app/out/vs/code/electron-utility/sharedProcess/sharedProcessMain.js:70:73160)
2025-01-09 14:20:55.451 [error] lock() request could not be registered.: Error: lock() request could not be registered.
