2024-12-03 18:35:14.137 [info] Added views:outline in workbench.view.explorer
2024-12-03 18:35:14.137 [info] Added views:workbench.view.search in workbench.view.search
2024-12-03 18:35:14.137 [info] Added views:workbench.scm in workbench.view.scm
2024-12-03 18:35:14.137 [info] Added views:workbench.panel.markers.view in workbench.panel.markers
2024-12-03 18:35:14.137 [info] Added views:workbench.panel.output in workbench.panel.output
2024-12-03 18:35:14.137 [info] Added views:terminal in terminal
2024-12-03 18:35:14.137 [info] Added views:timeline in workbench.view.explorer
2024-12-03 18:35:14.137 [info] Added views:workbench.explorer.emptyView in workbench.view.explorer
2024-12-03 18:35:14.253 [info] Added views:workbench.debug.variablesView,workbench.debug.watchExpressionsView,workbench.debug.callStackView,workbench.debug.breakPointsView in workbench.view.debug
2024-12-03 18:35:14.421 [info] Added views:projectsExplorerFavorites,projectManagerHelpAndFeedback in workbench.view.extension.project-manager
2024-12-03 18:35:14.421 [info] Added views:gitlens.views.home,gitlens.views.launchpad,gitlens.views.workspaces in workbench.view.extension.gitlens
2024-12-03 18:35:14.421 [info] Added views:gitlens.views.commitDetails,gitlens.views.lineHistory,gitlens.views.fileHistory,gitlens.views.searchAndCompare in workbench.view.extension.gitlensInspect
2024-12-03 18:35:14.421 [info] Added views:gitlens.views.scm.grouped in workbench.view.scm
2024-12-03 18:35:14.422 [info] Added views:cSpellInfoView in workbench.view.extension.cspell-info-explorer
2024-12-03 18:35:14.422 [info] Added views:cSpellIssuesViewByFile,cSpellIssuesViewByIssue in workbench.view.extension.cspellPanel
2024-12-03 18:35:14.547 [info] Added views:workbench.panel.repl.view in workbench.panel.repl
2024-12-03 18:35:14.548 [info] Removed views:workbench.debug.breakPointsView,workbench.debug.callStackView,workbench.debug.watchExpressionsView,workbench.debug.variablesView from workbench.view.debug
2024-12-03 18:35:14.548 [info] Added views:workbench.debug.welcome in workbench.view.debug
2024-12-03 18:35:14.772 [info] Added views:~remote.forwardedPorts in ~remote.forwardedPortsContainer
2024-12-03 18:35:14.983 [info] Added views:workbench.view.testing in workbench.view.extension.test
2024-12-03 18:35:15.490 [info] Added views:projectsExplorerGit in workbench.view.extension.project-manager
2024-12-03 18:35:15.491 [info] Removed views:gitlens.views.workspaces from workbench.view.extension.gitlens
2024-12-03 18:35:15.493 [info] Removed views:gitlens.views.searchAndCompare,gitlens.views.fileHistory,gitlens.views.lineHistory,gitlens.views.commitDetails from workbench.view.extension.gitlensInspect
2024-12-03 18:35:15.493 [info] Removed views:gitlens.views.scm.grouped from workbench.view.scm
2024-12-03 18:36:00.872 [info] Added views:docs,formatOptions,progress,languageOptions,team,hotkeyOptions in workbench.view.extension.mintdocs
2024-12-03 18:36:00.921 [info] Removed views:workbench.view.testing from workbench.view.extension.test
2024-12-03 18:36:00.926 [info] Added views:gitlens.views.drafts,gitlens.views.workspaces in workbench.view.extension.gitlens
2024-12-03 18:36:00.967 [info] Added views:workbench.view.testing in workbench.view.extension.test
2024-12-03 18:46:11.277 [info] Removed views:workbench.view.testing from workbench.view.extension.test
