2024-12-03 18:21:39.581 [info] Added views:outline in workbench.view.explorer
2024-12-03 18:21:39.581 [info] Added views:workbench.view.search in workbench.view.search
2024-12-03 18:21:39.582 [info] Added views:workbench.scm in workbench.view.scm
2024-12-03 18:21:39.582 [info] Added views:workbench.panel.markers.view in workbench.panel.markers
2024-12-03 18:21:39.582 [info] Added views:workbench.panel.output in workbench.panel.output
2024-12-03 18:21:39.582 [info] Added views:terminal in terminal
2024-12-03 18:21:39.582 [info] Added views:timeline in workbench.view.explorer
2024-12-03 18:21:39.582 [info] Added views:workbench.explorer.emptyView in workbench.view.explorer
2024-12-03 18:21:39.742 [info] Added views:workbench.debug.welcome in workbench.view.debug
2024-12-03 18:21:39.790 [info] Added views:projectsExplorerFavorites,projectManagerHelpAndFeedback in workbench.view.extension.project-manager
2024-12-03 18:21:39.790 [info] Added views:gitlens.views.home,gitlens.views.launchpad,gitlens.views.workspaces in workbench.view.extension.gitlens
2024-12-03 18:21:39.791 [info] Added views:gitlens.views.commitDetails,gitlens.views.lineHistory,gitlens.views.fileHistory,gitlens.views.searchAndCompare in workbench.view.extension.gitlensInspect
2024-12-03 18:21:39.792 [info] Added views:gitlens.views.scm.grouped in workbench.view.scm
2024-12-03 18:21:39.793 [info] Added views:cSpellInfoView in workbench.view.extension.cspell-info-explorer
2024-12-03 18:21:39.793 [info] Added views:cSpellIssuesViewByFile,cSpellIssuesViewByIssue in workbench.view.extension.cspellPanel
2024-12-03 18:21:39.918 [info] Added views:~remote.forwardedPorts in ~remote.forwardedPortsContainer
2024-12-03 18:21:39.968 [info] Added views:workbench.panel.repl.view in workbench.panel.repl
2024-12-03 18:21:40.372 [info] Added views:projectsExplorerGit in workbench.view.extension.project-manager
2024-12-03 18:21:40.373 [info] Removed views:gitlens.views.workspaces from workbench.view.extension.gitlens
2024-12-03 18:21:40.375 [info] Removed views:gitlens.views.searchAndCompare,gitlens.views.fileHistory,gitlens.views.lineHistory,gitlens.views.commitDetails from workbench.view.extension.gitlensInspect
2024-12-03 18:21:40.375 [info] Removed views:gitlens.views.scm.grouped from workbench.view.scm
2024-12-03 18:21:45.597 [info] Added views:workbench.view.testing in workbench.view.extension.test
2024-12-03 18:21:52.087 [info] Added views:docs,formatOptions,progress,languageOptions,team,hotkeyOptions in workbench.view.extension.mintdocs
2024-12-03 18:21:52.113 [info] Added views:gitlens.views.drafts,gitlens.views.workspaces in workbench.view.extension.gitlens
2024-12-03 18:21:52.114 [info] Removed views:workbench.view.testing from workbench.view.extension.test
2024-12-03 18:21:52.171 [info] Added views:workbench.view.testing in workbench.view.extension.test
2024-12-03 18:30:33.494 [info] Removed views:progress from workbench.view.extension.mintdocs
2024-12-03 18:30:34.075 [info] Removed views:workbench.view.testing from workbench.view.extension.test
