2025-01-31 18:56:02.638 [info] Added views:outline in workbench.view.explorer
2025-01-31 18:56:02.638 [info] Added views:workbench.view.search in workbench.view.search
2025-01-31 18:56:02.638 [info] Added views:workbench.scm in workbench.view.scm
2025-01-31 18:56:02.638 [info] Added views:workbench.panel.markers.view in workbench.panel.markers
2025-01-31 18:56:02.638 [info] Added views:workbench.panel.output in workbench.panel.output
2025-01-31 18:56:02.638 [info] Added views:terminal in terminal
2025-01-31 18:56:02.638 [info] Added views:timeline in workbench.view.explorer
2025-01-31 18:56:02.638 [info] Added views:workbench.explorer.emptyView in workbench.view.explorer
2025-01-31 18:56:02.758 [info] Added views:workbench.debug.welcome in workbench.view.debug
2025-01-31 18:56:03.154 [info] Added views:projectsExplorerFavorites,projectManagerHelpAndFeedback in workbench.view.extension.project-manager
2025-01-31 18:56:03.156 [info] Added views:gitlens.views.scm.grouped in workbench.view.scm
2025-01-31 18:56:03.157 [info] Added views:gitlens.views.commitDetails,gitlens.views.lineHistory,gitlens.views.fileHistory,gitlens.views.searchAndCompare in workbench.view.extension.gitlensInspect
2025-01-31 18:56:03.157 [info] Added views:gitlens.views.home,gitlens.views.launchpad,gitlens.views.workspaces in workbench.view.extension.gitlens
2025-01-31 18:56:03.157 [info] Added views:docs,formatOptions,progress,languageOptions,team,hotkeyOptions in workbench.view.extension.mintdocs
2025-01-31 18:56:03.157 [info] Added views:cSpellIssuesViewByFile,cSpellIssuesViewByIssue in workbench.view.extension.cspellPanel
2025-01-31 18:56:03.342 [info] Added views:workbench.panel.repl.view in workbench.panel.repl
2025-01-31 18:56:03.879 [info] Added views:~remote.forwardedPorts in ~remote.forwardedPortsContainer
2025-01-31 18:56:03.949 [info] Added views:workbench.view.testing in workbench.view.extension.test
2025-01-31 18:56:04.666 [info] Added views:projectsExplorerGit in workbench.view.extension.project-manager
2025-01-31 18:56:04.668 [info] Removed views:gitlens.views.searchAndCompare,gitlens.views.fileHistory,gitlens.views.lineHistory,gitlens.views.commitDetails from workbench.view.extension.gitlensInspect
2025-01-31 18:56:04.669 [info] Removed views:gitlens.views.scm.grouped from workbench.view.scm
2025-01-31 18:56:04.723 [info] Added views:gitlens.views.drafts in workbench.view.extension.gitlens
2025-01-31 18:56:11.576 [info] Removed views:workbench.view.testing from workbench.view.extension.test
