2024-12-03 18:35:14.222 [info] Started local extension host with pid 669982.
2024-12-03 18:35:14.792 [info] Settings Sync: Updating due to initialize
2024-12-03 18:35:14.793 [info] Settings Sync: Updating authentication providers. Authentication Providers from store: [{"id":"github","scopes":["user:email"]},{"id":"microsoft","scopes":["openid","profile","email","offline_access"]}]
2024-12-03 18:35:14.793 [info] Settings Sync: Authentication providers updated ["github","microsoft"]
2024-12-03 18:35:15.583 [info] Settings Sync: Updating authentication providers. Authentication Providers from store: [{"id":"github","scopes":["user:email"]},{"id":"microsoft","scopes":["openid","profile","email","offline_access"]}]
2024-12-03 18:35:15.583 [info] Settings Sync: Authentication providers updated ["github","microsoft"]
2024-12-03 18:35:16.850 [info] [perf] Render performance baseline is 17ms
2024-12-03 18:36:02.120 [error] [Extension Host] Notification handler 'window/logMessage' failed with message: Channel has been closed
2024-12-03 18:36:02.120 [error] [Extension Host] Notification handler 'window/logMessage' failed with message: Channel has been closed
2024-12-03 18:36:02.130 [error] [Extension Host] Notification handler 'window/logMessage' failed with message: Channel has been closed
2024-12-03 18:36:02.147 [error] [Extension Host] Notification handler 'window/logMessage' failed with message: Channel has been closed
2024-12-03 18:36:02.147 [error] [Extension Host] Notification handler 'window/logMessage' failed with message: Channel has been closed
2024-12-03 18:36:02.147 [error] [Extension Host] Notification handler 'window/logMessage' failed with message: Channel has been closed
2024-12-03 18:36:02.148 [error] [Extension Host] Notification handler 'window/logMessage' failed with message: Channel has been closed
2024-12-03 18:36:02.148 [error] [Extension Host] Notification handler 'window/logMessage' failed with message: Channel has been closed
2024-12-03 18:36:02.148 [error] [Extension Host] Notification handler 'window/logMessage' failed with message: Channel has been closed
2024-12-03 18:36:02.164 [error] [Extension Host] Notification handler 'window/logMessage' failed with message: Channel has been closed
2024-12-03 18:36:02.197 [error] [Extension Host] Notification handler 'window/logMessage' failed with message: Channel has been closed
2024-12-03 18:36:02.197 [error] [Extension Host] Notification handler 'window/logMessage' failed with message: Channel has been closed
2024-12-03 18:36:02.221 [error] [Extension Host] Notification handler 'window/logMessage' failed with message: Channel has been closed
2024-12-03 18:36:02.221 [error] [Extension Host] Notification handler 'window/logMessage' failed with message: Channel has been closed
2024-12-03 18:36:02.221 [error] [Extension Host] Notification handler 'window/logMessage' failed with message: Channel has been closed
2024-12-03 18:36:02.222 [error] [Extension Host] Notification handler 'window/logMessage' failed with message: Channel has been closed
2024-12-03 18:36:02.222 [error] [Extension Host] Notification handler 'window/logMessage' failed with message: Channel has been closed
2024-12-03 18:36:02.222 [error] [Extension Host] Notification handler 'window/logMessage' failed with message: Channel has been closed
2024-12-03 18:36:02.237 [error] [Extension Host] Notification handler 'window/logMessage' failed with message: Channel has been closed
2024-12-03 18:36:02.262 [error] [Extension Host] Notification handler 'window/logMessage' failed with message: Channel has been closed
2024-12-03 18:36:02.262 [error] [Extension Host] Notification handler 'window/logMessage' failed with message: Channel has been closed
2024-12-03 18:36:02.481 [error] [Extension Host] Notification handler 'window/logMessage' failed with message: Channel has been closed
2024-12-03 18:36:02.482 [error] [Extension Host] Notification handler 'window/logMessage' failed with message: Channel has been closed
