2024-12-17 23:46:14.319 [info] Getting Manifest... eamodio.gitlens
2024-12-17 23:46:14.319 [info] Getting Manifest... ms-python.debugpy
2024-12-17 23:46:14.320 [info] Getting Manifest... ms-python.python
2024-12-17 23:46:14.320 [info] Getting Manifest... ms-python.vscode-pylance
2024-12-17 23:46:14.406 [info] Installing extension: ms-python.debugpy {"productVersion":{"version":"1.95.3","date":"2024-11-13T14:50:04.152Z"},"pinned":false,"operation":3,"isApplicationScoped":false,"profileLocation":{"$mid":1,"external":"vscode-userdata:/home/fabian/.vscode/extensions/extensions.json","path":"/home/fabian/.vscode/extensions/extensions.json","scheme":"vscode-userdata"},"installOnlyNewlyAddedFromExtensionPack":true}
2024-12-17 23:46:14.408 [info] Installing extension: ms-python.vscode-pylance {"productVersion":{"version":"1.95.3","date":"2024-11-13T14:50:04.152Z"},"pinned":false,"operation":3,"isApplicationScoped":false,"profileLocation":{"$mid":1,"external":"vscode-userdata:/home/fabian/.vscode/extensions/extensions.json","path":"/home/fabian/.vscode/extensions/extensions.json","scheme":"vscode-userdata"},"installOnlyNewlyAddedFromExtensionPack":true}
2024-12-17 23:46:14.408 [info] Installing extension: ms-python.python {"productVersion":{"version":"1.95.3","date":"2024-11-13T14:50:04.152Z"},"pinned":false,"operation":3,"isApplicationScoped":false,"profileLocation":{"$mid":1,"external":"vscode-userdata:/home/fabian/.vscode/extensions/extensions.json","path":"/home/fabian/.vscode/extensions/extensions.json","scheme":"vscode-userdata"},"installOnlyNewlyAddedFromExtensionPack":true}
2024-12-17 23:46:14.414 [info] Installing extension: eamodio.gitlens {"productVersion":{"version":"1.95.3","date":"2024-11-13T14:50:04.152Z"},"pinned":false,"operation":3,"isApplicationScoped":false,"profileLocation":{"$mid":1,"external":"vscode-userdata:/home/fabian/.vscode/extensions/extensions.json","path":"/home/fabian/.vscode/extensions/extensions.json","scheme":"vscode-userdata"},"installOnlyNewlyAddedFromExtensionPack":true}
2024-12-17 23:46:15.627 [info] Getting Manifest... ms-python.python
2024-12-17 23:46:15.845 [info] Getting Manifest... ms-python.python
2024-12-17 23:46:17.148 [info] Extension signature verification result for ms-python.python: UnknownError. Executed: true. Duration: 13ms.
2024-12-17 23:46:17.353 [info] Extension signature verification result for eamodio.gitlens: UnknownError. Executed: true. Duration: 4ms.
2024-12-17 23:46:17.583 [info] Extracted extension to file:///home/fabian/.vscode/extensions/eamodio.gitlens-16.0.5: eamodio.gitlens
2024-12-17 23:46:17.595 [info] Renamed to /home/fabian/.vscode/extensions/eamodio.gitlens-16.0.5
2024-12-17 23:46:17.615 [info] Marked extension as uninstalled eamodio.gitlens-16.0.4
2024-12-17 23:46:17.625 [info] Extension installed successfully: eamodio.gitlens vscode-userdata:/home/fabian/.vscode/extensions/extensions.json
2024-12-17 23:46:17.677 [error] [uncaught exception in sharedProcess]: Error: ENOENT: no such file or directory, stat '/home/fabian/.vscode/extensions/extensions.json.vsctmp': EntryNotFound (FileSystemError): Error: ENOENT: no such file or directory, stat '/home/fabian/.vscode/extensions/extensions.json.vsctmp'
    at hm.create (file:///opt/visual-studio-code/resources/app/out/vs/code/electron-utility/sharedProcess/sharedProcessMain.js:35:39254)
    at Es (file:///opt/visual-studio-code/resources/app/out/vs/code/electron-utility/sharedProcess/sharedProcessMain.js:35:39361)
    at Fr.ib (file:///opt/visual-studio-code/resources/app/out/vs/code/electron-utility/sharedProcess/sharedProcessMain.js:71:22677)
    at Fr.stat (file:///opt/visual-studio-code/resources/app/out/vs/code/electron-utility/sharedProcess/sharedProcessMain.js:71:16010)
    at async Zl.stat (file:///opt/visual-studio-code/resources/app/out/vs/code/electron-utility/sharedProcess/sharedProcessMain.js:70:84491)
    at async Jl.yb (file:///opt/visual-studio-code/resources/app/out/vs/code/electron-utility/sharedProcess/sharedProcessMain.js:70:66605)
2024-12-17 23:46:17.912 [info] Extracted extension to file:///home/fabian/.vscode/extensions/ms-python.python-2024.22.0-linux-x64: ms-python.python
2024-12-17 23:46:17.917 [info] Renamed to /home/fabian/.vscode/extensions/ms-python.python-2024.22.0-linux-x64
2024-12-17 23:46:17.937 [info] Marked extension as uninstalled ms-python.python-2024.20.0-linux-x64
2024-12-17 23:46:17.939 [info] Extension installed successfully: ms-python.python vscode-userdata:/home/fabian/.vscode/extensions/extensions.json
2024-12-17 23:46:17.996 [error] [uncaught exception in sharedProcess]: Error: ENOENT: no such file or directory, stat '/home/fabian/.vscode/extensions/extensions.json.vsctmp': EntryNotFound (FileSystemError): Error: ENOENT: no such file or directory, stat '/home/fabian/.vscode/extensions/extensions.json.vsctmp'
    at hm.create (file:///opt/visual-studio-code/resources/app/out/vs/code/electron-utility/sharedProcess/sharedProcessMain.js:35:39254)
    at Es (file:///opt/visual-studio-code/resources/app/out/vs/code/electron-utility/sharedProcess/sharedProcessMain.js:35:39361)
    at Fr.ib (file:///opt/visual-studio-code/resources/app/out/vs/code/electron-utility/sharedProcess/sharedProcessMain.js:71:22677)
    at Fr.stat (file:///opt/visual-studio-code/resources/app/out/vs/code/electron-utility/sharedProcess/sharedProcessMain.js:71:16010)
    at async Zl.stat (file:///opt/visual-studio-code/resources/app/out/vs/code/electron-utility/sharedProcess/sharedProcessMain.js:70:84491)
    at async Jl.yb (file:///opt/visual-studio-code/resources/app/out/vs/code/electron-utility/sharedProcess/sharedProcessMain.js:70:66605)
2024-12-17 23:46:18.430 [info] Extension signature verification result for ms-python.debugpy: UnknownError. Executed: true. Duration: 6ms.
2024-12-17 23:46:18.608 [info] Extracted extension to file:///home/fabian/.vscode/extensions/ms-python.debugpy-2024.14.0-linux-x64: ms-python.debugpy
2024-12-17 23:46:18.613 [info] Renamed to /home/fabian/.vscode/extensions/ms-python.debugpy-2024.14.0-linux-x64
2024-12-17 23:46:18.625 [info] Marked extension as uninstalled ms-python.debugpy-2024.12.0-linux-x64
2024-12-17 23:46:18.635 [info] Extension installed successfully: ms-python.debugpy vscode-userdata:/home/fabian/.vscode/extensions/extensions.json
2024-12-17 23:46:18.691 [error] [uncaught exception in sharedProcess]: Error: ENOENT: no such file or directory, stat '/home/fabian/.vscode/extensions/extensions.json.vsctmp': EntryNotFound (FileSystemError): Error: ENOENT: no such file or directory, stat '/home/fabian/.vscode/extensions/extensions.json.vsctmp'
    at hm.create (file:///opt/visual-studio-code/resources/app/out/vs/code/electron-utility/sharedProcess/sharedProcessMain.js:35:39254)
    at Es (file:///opt/visual-studio-code/resources/app/out/vs/code/electron-utility/sharedProcess/sharedProcessMain.js:35:39361)
    at Fr.ib (file:///opt/visual-studio-code/resources/app/out/vs/code/electron-utility/sharedProcess/sharedProcessMain.js:71:22677)
    at Fr.stat (file:///opt/visual-studio-code/resources/app/out/vs/code/electron-utility/sharedProcess/sharedProcessMain.js:71:16010)
    at async Zl.stat (file:///opt/visual-studio-code/resources/app/out/vs/code/electron-utility/sharedProcess/sharedProcessMain.js:70:84491)
    at async Jl.yb (file:///opt/visual-studio-code/resources/app/out/vs/code/electron-utility/sharedProcess/sharedProcessMain.js:70:66605)
2024-12-17 23:46:19.704 [info] Extension signature verification result for ms-python.vscode-pylance: UnknownError. Executed: true. Duration: 6ms.
2024-12-17 23:46:21.304 [info] Extracted extension to file:///home/fabian/.vscode/extensions/ms-python.vscode-pylance-2024.12.1: ms-python.vscode-pylance
2024-12-17 23:46:21.323 [info] Renamed to /home/fabian/.vscode/extensions/ms-python.vscode-pylance-2024.12.1
2024-12-17 23:46:21.340 [info] Marked extension as uninstalled ms-python.vscode-pylance-2024.11.3
2024-12-17 23:46:21.342 [info] Extension installed successfully: ms-python.vscode-pylance vscode-userdata:/home/fabian/.vscode/extensions/extensions.json
2024-12-17 23:46:21.403 [error] [uncaught exception in sharedProcess]: Error: ENOENT: no such file or directory, stat '/home/fabian/.vscode/extensions/extensions.json.vsctmp': EntryNotFound (FileSystemError): Error: ENOENT: no such file or directory, stat '/home/fabian/.vscode/extensions/extensions.json.vsctmp'
    at hm.create (file:///opt/visual-studio-code/resources/app/out/vs/code/electron-utility/sharedProcess/sharedProcessMain.js:35:39254)
    at Es (file:///opt/visual-studio-code/resources/app/out/vs/code/electron-utility/sharedProcess/sharedProcessMain.js:35:39361)
    at Fr.ib (file:///opt/visual-studio-code/resources/app/out/vs/code/electron-utility/sharedProcess/sharedProcessMain.js:71:22677)
    at Fr.stat (file:///opt/visual-studio-code/resources/app/out/vs/code/electron-utility/sharedProcess/sharedProcessMain.js:71:16010)
    at async Zl.stat (file:///opt/visual-studio-code/resources/app/out/vs/code/electron-utility/sharedProcess/sharedProcessMain.js:70:84491)
    at async Jl.yb (file:///opt/visual-studio-code/resources/app/out/vs/code/electron-utility/sharedProcess/sharedProcessMain.js:70:66605)
2024-12-17 23:46:41.174 [info] Getting Manifest... ms-toolsai.jupyter
2024-12-17 23:46:41.203 [info] Installing extension: ms-toolsai.jupyter {"productVersion":{"version":"1.96.0","date":"2024-12-11T02:30:41.583Z"},"pinned":false,"operation":3,"isApplicationScoped":false,"profileLocation":{"$mid":1,"external":"vscode-userdata:/home/fabian/.vscode/extensions/extensions.json","path":"/home/fabian/.vscode/extensions/extensions.json","scheme":"vscode-userdata"},"installOnlyNewlyAddedFromExtensionPack":true}
2024-12-17 23:46:42.458 [info] Extension signature verification result for ms-toolsai.jupyter: UnknownError. Executed: true. Duration: 6ms.
2024-12-17 23:46:42.588 [info] Extracted extension to file:///home/fabian/.vscode/extensions/ms-toolsai.jupyter-2024.11.0-linux-x64: ms-toolsai.jupyter
2024-12-17 23:46:42.593 [info] Renamed to /home/fabian/.vscode/extensions/ms-toolsai.jupyter-2024.11.0-linux-x64
2024-12-17 23:46:42.595 [error] [/home/fabian/.vscode/extensions/ms-toolsai.jupyter-2024.11.0-linux-x64]: Extension is not compatible with Code 1.95.3. Extension requires: ^1.96.0.
2024-12-17 23:46:42.612 [error] [/home/fabian/.vscode/extensions/ms-toolsai.jupyter-2024.11.0-linux-x64]: Extension is not compatible with Code 1.95.3. Extension requires: ^1.96.0.
2024-12-17 23:46:42.612 [error] Error while installing the extension ms-toolsai.jupyter Cannot read the extension from /home/fabian/.vscode/extensions/ms-toolsai.jupyter-2024.11.0-linux-x64 vscode-userdata:/home/fabian/.vscode/extensions/extensions.json
2024-12-17 23:46:42.642 [error] [uncaught exception in sharedProcess]: Error: ENOENT: no such file or directory, stat '/home/fabian/.vscode/extensions/extensions.json.vsctmp': EntryNotFound (FileSystemError): Error: ENOENT: no such file or directory, stat '/home/fabian/.vscode/extensions/extensions.json.vsctmp'
    at hm.create (file:///opt/visual-studio-code/resources/app/out/vs/code/electron-utility/sharedProcess/sharedProcessMain.js:35:39254)
    at Es (file:///opt/visual-studio-code/resources/app/out/vs/code/electron-utility/sharedProcess/sharedProcessMain.js:35:39361)
    at Fr.ib (file:///opt/visual-studio-code/resources/app/out/vs/code/electron-utility/sharedProcess/sharedProcessMain.js:71:22677)
    at Fr.stat (file:///opt/visual-studio-code/resources/app/out/vs/code/electron-utility/sharedProcess/sharedProcessMain.js:71:16010)
    at async Zl.stat (file:///opt/visual-studio-code/resources/app/out/vs/code/electron-utility/sharedProcess/sharedProcessMain.js:70:84491)
    at async Jl.yb (file:///opt/visual-studio-code/resources/app/out/vs/code/electron-utility/sharedProcess/sharedProcessMain.js:70:66605)
2024-12-17 23:51:27.779 [error] [/home/fabian/.vscode/extensions/ms-toolsai.jupyter-2024.11.0-linux-x64]: Extension is not compatible with Code 1.95.3. Extension requires: ^1.96.0.
2024-12-17 23:56:27.877 [error] [/home/fabian/.vscode/extensions/ms-toolsai.jupyter-2024.11.0-linux-x64]: Extension is not compatible with Code 1.95.3. Extension requires: ^1.96.0.
2024-12-18 00:01:27.969 [error] [/home/fabian/.vscode/extensions/ms-toolsai.jupyter-2024.11.0-linux-x64]: Extension is not compatible with Code 1.95.3. Extension requires: ^1.96.0.
2024-12-18 00:06:28.069 [error] [/home/fabian/.vscode/extensions/ms-toolsai.jupyter-2024.11.0-linux-x64]: Extension is not compatible with Code 1.95.3. Extension requires: ^1.96.0.
2024-12-18 00:11:28.147 [error] [/home/fabian/.vscode/extensions/ms-toolsai.jupyter-2024.11.0-linux-x64]: Extension is not compatible with Code 1.95.3. Extension requires: ^1.96.0.
2024-12-18 00:16:28.247 [error] [/home/fabian/.vscode/extensions/ms-toolsai.jupyter-2024.11.0-linux-x64]: Extension is not compatible with Code 1.95.3. Extension requires: ^1.96.0.
2024-12-18 00:21:28.333 [error] [/home/fabian/.vscode/extensions/ms-toolsai.jupyter-2024.11.0-linux-x64]: Extension is not compatible with Code 1.95.3. Extension requires: ^1.96.0.
2024-12-18 00:26:28.439 [error] [/home/fabian/.vscode/extensions/ms-toolsai.jupyter-2024.11.0-linux-x64]: Extension is not compatible with Code 1.95.3. Extension requires: ^1.96.0.
2024-12-18 00:31:28.518 [error] [/home/fabian/.vscode/extensions/ms-toolsai.jupyter-2024.11.0-linux-x64]: Extension is not compatible with Code 1.95.3. Extension requires: ^1.96.0.
2024-12-18 00:36:28.607 [error] [/home/fabian/.vscode/extensions/ms-toolsai.jupyter-2024.11.0-linux-x64]: Extension is not compatible with Code 1.95.3. Extension requires: ^1.96.0.
