2024-12-03 18:46:56.008 [info] Started local extension host with pid 700989.
2024-12-03 18:46:56.955 [info] Settings Sync: Updating due to initialize
2024-12-03 18:46:56.955 [info] Settings Sync: Updating authentication providers. Authentication Providers from store: [{"id":"github","scopes":["user:email"]},{"id":"microsoft","scopes":["openid","profile","email","offline_access"]}]
2024-12-03 18:46:56.956 [info] Settings Sync: Authentication providers updated []
2024-12-03 18:46:56.982 [info] Settings Sync: Updating authentication providers. Authentication Providers from store: [{"id":"github","scopes":["user:email"]},{"id":"microsoft","scopes":["openid","profile","email","offline_access"]}]
2024-12-03 18:46:56.982 [info] Settings Sync: Authentication providers updated ["github"]
2024-12-03 18:46:56.983 [info] Settings Sync: Updating authentication providers. Authentication Providers from store: [{"id":"github","scopes":["user:email"]},{"id":"microsoft","scopes":["openid","profile","email","offline_access"]}]
2024-12-03 18:46:56.983 [info] Settings Sync: Authentication providers updated ["github"]
2024-12-03 18:46:56.983 [info] Settings Sync: Updating authentication providers. Authentication Providers from store: [{"id":"github","scopes":["user:email"]},{"id":"microsoft","scopes":["openid","profile","email","offline_access"]}]
2024-12-03 18:46:56.983 [info] Settings Sync: Authentication providers updated ["github","microsoft"]
2024-12-03 18:46:56.983 [info] Settings Sync: Updating authentication providers. Authentication Providers from store: [{"id":"github","scopes":["user:email"]},{"id":"microsoft","scopes":["openid","profile","email","offline_access"]}]
2024-12-03 18:46:56.984 [info] Settings Sync: Authentication providers updated ["github","microsoft"]
2024-12-03 18:46:56.991 [info] Settings Sync: Updating due to declared authentication providers changed
2024-12-03 18:46:56.991 [info] Settings Sync: Updating authentication providers. Authentication Providers from store: [{"id":"github","scopes":["user:email"]},{"id":"microsoft","scopes":["openid","profile","email","offline_access"]}]
2024-12-03 18:46:56.992 [info] Settings Sync: Authentication providers updated ["github","microsoft"]
2024-12-03 18:46:56.992 [info] Settings Sync: Updating due to declared authentication providers changed
2024-12-03 18:46:56.992 [info] Settings Sync: Updating authentication providers. Authentication Providers from store: [{"id":"github","scopes":["user:email"]},{"id":"microsoft","scopes":["openid","profile","email","offline_access"]}]
2024-12-03 18:46:56.992 [info] Settings Sync: Authentication providers updated ["github","microsoft"]
2024-12-03 18:46:57.843 [info] Settings Sync: Updating authentication providers. Authentication Providers from store: [{"id":"github","scopes":["user:email"]},{"id":"microsoft","scopes":["openid","profile","email","offline_access"]}]
2024-12-03 18:46:57.843 [info] Settings Sync: Authentication providers updated ["github","microsoft"]
2024-12-03 18:46:58.600 [info] [perf] Render performance baseline is 17ms
