2025-01-31 18:56:02.762 [info] Started local extension host with pid 24008.
2025-01-31 18:56:02.881 [error] [/home/fabian/.vscode/extensions/ms-toolsai.jupyter-2024.11.0-linux-x64]: Extension is not compatible with Code 1.95.3. Extension requires: ^1.96.0.
2025-01-31 18:56:03.879 [info] Settings Sync: Updating due to initialize
2025-01-31 18:56:03.879 [info] Settings Sync: Updating authentication providers. Authentication Providers from store: [{"id":"github","scopes":["user:email"]},{"id":"microsoft","scopes":["openid","profile","email","offline_access"]}]
2025-01-31 18:56:03.879 [info] Settings Sync: Authentication providers updated []
2025-01-31 18:56:03.887 [info] Settings Sync: Updating authentication providers. Authentication Providers from store: [{"id":"github","scopes":["user:email"]},{"id":"microsoft","scopes":["openid","profile","email","offline_access"]}]
2025-01-31 18:56:03.887 [info] Settings Sync: Authentication providers updated ["github"]
2025-01-31 18:56:03.887 [info] Settings Sync: Updating authentication providers. Authentication Providers from store: [{"id":"github","scopes":["user:email"]},{"id":"microsoft","scopes":["openid","profile","email","offline_access"]}]
2025-01-31 18:56:03.887 [info] Settings Sync: Authentication providers updated ["github"]
2025-01-31 18:56:03.887 [info] Settings Sync: Updating authentication providers. Authentication Providers from store: [{"id":"github","scopes":["user:email"]},{"id":"microsoft","scopes":["openid","profile","email","offline_access"]}]
2025-01-31 18:56:03.887 [info] Settings Sync: Authentication providers updated ["github","microsoft"]
2025-01-31 18:56:03.887 [info] Settings Sync: Updating authentication providers. Authentication Providers from store: [{"id":"github","scopes":["user:email"]},{"id":"microsoft","scopes":["openid","profile","email","offline_access"]}]
2025-01-31 18:56:03.887 [info] Settings Sync: Authentication providers updated ["github","microsoft"]
2025-01-31 18:56:03.897 [info] Settings Sync: Updating due to declared authentication providers changed
2025-01-31 18:56:03.898 [info] Settings Sync: Updating authentication providers. Authentication Providers from store: [{"id":"github","scopes":["user:email"]},{"id":"microsoft","scopes":["openid","profile","email","offline_access"]}]
2025-01-31 18:56:03.898 [info] Settings Sync: Authentication providers updated ["github","microsoft"]
2025-01-31 18:56:03.898 [info] Settings Sync: Updating due to declared authentication providers changed
2025-01-31 18:56:03.898 [info] Settings Sync: Updating authentication providers. Authentication Providers from store: [{"id":"github","scopes":["user:email"]},{"id":"microsoft","scopes":["openid","profile","email","offline_access"]}]
2025-01-31 18:56:03.898 [info] Settings Sync: Authentication providers updated ["github","microsoft"]
2025-01-31 18:56:04.795 [info] Settings Sync: Updating authentication providers. Authentication Providers from store: [{"id":"github","scopes":["user:email"]},{"id":"microsoft","scopes":["openid","profile","email","offline_access"]}]
2025-01-31 18:56:04.795 [info] Settings Sync: Authentication providers updated ["github","microsoft"]
2025-01-31 18:56:05.399 [info] [perf] Render performance baseline is 17ms
