2025-01-09 12:55:42.872 [error] [/home/fabian/.vscode/extensions/ms-toolsai.jupyter-2024.11.0-linux-x64]: Extension is not compatible with Code 1.95.3. Extension requires: ^1.96.0.
2025-01-09 12:55:42.898 [error] [/home/fabian/.vscode/extensions/ms-toolsai.jupyter-2024.11.0-linux-x64]: Extension is not compatible with Code 1.95.3. Extension requires: ^1.96.0.
2025-01-09 12:55:42.915 [error] [/home/fabian/.vscode/extensions/ms-toolsai.jupyter-2024.11.0-linux-x64]: Extension is not compatible with Code 1.95.3. Extension requires: ^1.96.0.
2025-01-09 12:55:43.068 [error] [/home/fabian/.vscode/extensions/ms-toolsai.jupyter-2024.11.0-linux-x64]: Extension is not compatible with Code 1.95.3. Extension requires: ^1.96.0.
2025-01-09 12:55:43.117 [error] [/home/fabian/.vscode/extensions/ms-toolsai.jupyter-2024.11.0-linux-x64]: Extension is not compatible with Code 1.95.3. Extension requires: ^1.96.0.
2025-01-09 12:55:43.169 [error] [/home/fabian/.vscode/extensions/ms-toolsai.jupyter-2024.11.0-linux-x64]: Extension is not compatible with Code 1.95.3. Extension requires: ^1.96.0.
2025-01-09 12:55:43.212 [error] [/home/fabian/.vscode/extensions/ms-toolsai.jupyter-2024.11.0-linux-x64]: Extension is not compatible with Code 1.95.3. Extension requires: ^1.96.0.
2025-01-09 12:55:43.259 [error] [/home/fabian/.vscode/extensions/ms-toolsai.jupyter-2024.11.0-linux-x64]: Extension is not compatible with Code 1.95.3. Extension requires: ^1.96.0.
2025-01-09 12:55:43.326 [error] [/home/fabian/.vscode/extensions/ms-toolsai.jupyter-2024.11.0-linux-x64]: Extension is not compatible with Code 1.95.3. Extension requires: ^1.96.0.
2025-01-09 12:55:45.124 [error] [/home/fabian/.vscode/extensions/ms-toolsai.jupyter-2024.11.0-linux-x64]: Extension is not compatible with Code 1.95.3. Extension requires: ^1.96.0.
2025-01-09 12:55:45.187 [error] [/home/fabian/.vscode/extensions/ms-toolsai.jupyter-2024.11.0-linux-x64]: Extension is not compatible with Code 1.95.3. Extension requires: ^1.96.0.
2025-01-09 12:55:45.806 [error] [/home/fabian/.vscode/extensions/ms-toolsai.jupyter-2024.11.0-linux-x64]: Extension is not compatible with Code 1.95.3. Extension requires: ^1.96.0.
2025-01-09 12:55:48.734 [info] Getting Manifest... eamodio.gitlens
2025-01-09 12:55:48.734 [info] Getting Manifest... kevinrose.vsc-python-indent
2025-01-09 12:55:48.735 [info] Getting Manifest... ms-python.python
2025-01-09 12:55:48.735 [info] Getting Manifest... streetsidesoftware.code-spell-checker
2025-01-09 12:55:48.926 [info] Installing extension: eamodio.gitlens {"productVersion":{"version":"1.95.3","date":"2024-11-13T14:50:04.152Z"},"pinned":false,"operation":3,"isApplicationScoped":false,"profileLocation":{"$mid":1,"external":"vscode-userdata:/home/fabian/.vscode/extensions/extensions.json","path":"/home/fabian/.vscode/extensions/extensions.json","scheme":"vscode-userdata"},"installOnlyNewlyAddedFromExtensionPack":true}
2025-01-09 12:55:48.943 [error] [/home/fabian/.vscode/extensions/ms-toolsai.jupyter-2024.11.0-linux-x64]: Extension is not compatible with Code 1.95.3. Extension requires: ^1.96.0.
2025-01-09 12:55:48.956 [info] Installing extension: streetsidesoftware.code-spell-checker {"productVersion":{"version":"1.95.3","date":"2024-11-13T14:50:04.152Z"},"pinned":false,"operation":3,"isApplicationScoped":false,"profileLocation":{"$mid":1,"external":"vscode-userdata:/home/fabian/.vscode/extensions/extensions.json","path":"/home/fabian/.vscode/extensions/extensions.json","scheme":"vscode-userdata"},"installOnlyNewlyAddedFromExtensionPack":true}
2025-01-09 12:55:48.957 [info] Installing extension: kevinrose.vsc-python-indent {"productVersion":{"version":"1.95.3","date":"2024-11-13T14:50:04.152Z"},"pinned":false,"operation":3,"isApplicationScoped":false,"profileLocation":{"$mid":1,"external":"vscode-userdata:/home/fabian/.vscode/extensions/extensions.json","path":"/home/fabian/.vscode/extensions/extensions.json","scheme":"vscode-userdata"},"installOnlyNewlyAddedFromExtensionPack":true}
2025-01-09 12:55:48.957 [info] Installing extension: ms-python.python {"productVersion":{"version":"1.95.3","date":"2024-11-13T14:50:04.152Z"},"pinned":false,"operation":3,"isApplicationScoped":false,"profileLocation":{"$mid":1,"external":"vscode-userdata:/home/fabian/.vscode/extensions/extensions.json","path":"/home/fabian/.vscode/extensions/extensions.json","scheme":"vscode-userdata"},"installOnlyNewlyAddedFromExtensionPack":true}
2025-01-09 12:55:48.962 [error] [/home/fabian/.vscode/extensions/ms-toolsai.jupyter-2024.11.0-linux-x64]: Extension is not compatible with Code 1.95.3. Extension requires: ^1.96.0.
2025-01-09 12:55:48.996 [error] [/home/fabian/.vscode/extensions/ms-toolsai.jupyter-2024.11.0-linux-x64]: Extension is not compatible with Code 1.95.3. Extension requires: ^1.96.0.
2025-01-09 12:55:49.000 [error] [/home/fabian/.vscode/extensions/ms-toolsai.jupyter-2024.11.0-linux-x64]: Extension is not compatible with Code 1.95.3. Extension requires: ^1.96.0.
2025-01-09 12:55:49.020 [error] [/home/fabian/.vscode/extensions/ms-toolsai.jupyter-2024.11.0-linux-x64]: Extension is not compatible with Code 1.95.3. Extension requires: ^1.96.0.
2025-01-09 12:55:50.288 [info] Extension signature verification result for kevinrose.vsc-python-indent: UnknownError. Executed: true. Duration: 13ms.
2025-01-09 12:55:50.310 [info] Extracted extension to file:///home/fabian/.vscode/extensions/kevinrose.vsc-python-indent-1.19.0: kevinrose.vsc-python-indent
2025-01-09 12:55:50.313 [info] Renamed to /home/fabian/.vscode/extensions/kevinrose.vsc-python-indent-1.19.0
2025-01-09 12:55:50.321 [info] Marked extension as uninstalled kevinrose.vsc-python-indent-1.18.0
2025-01-09 12:55:50.333 [error] [/home/fabian/.vscode/extensions/ms-toolsai.jupyter-2024.11.0-linux-x64]: Extension is not compatible with Code 1.95.3. Extension requires: ^1.96.0.
2025-01-09 12:55:50.334 [info] Extension installed successfully: kevinrose.vsc-python-indent vscode-userdata:/home/fabian/.vscode/extensions/extensions.json
2025-01-09 12:55:50.392 [error] [uncaught exception in sharedProcess]: Error: ENOENT: no such file or directory, stat '/home/fabian/.vscode/extensions/extensions.json.vsctmp': EntryNotFound (FileSystemError): Error: ENOENT: no such file or directory, stat '/home/fabian/.vscode/extensions/extensions.json.vsctmp'
    at hm.create (file:///opt/visual-studio-code/resources/app/out/vs/code/electron-utility/sharedProcess/sharedProcessMain.js:35:39254)
    at Es (file:///opt/visual-studio-code/resources/app/out/vs/code/electron-utility/sharedProcess/sharedProcessMain.js:35:39361)
    at Fr.ib (file:///opt/visual-studio-code/resources/app/out/vs/code/electron-utility/sharedProcess/sharedProcessMain.js:71:22677)
    at Fr.stat (file:///opt/visual-studio-code/resources/app/out/vs/code/electron-utility/sharedProcess/sharedProcessMain.js:71:16010)
    at async Zl.stat (file:///opt/visual-studio-code/resources/app/out/vs/code/electron-utility/sharedProcess/sharedProcessMain.js:70:84491)
    at async Jl.yb (file:///opt/visual-studio-code/resources/app/out/vs/code/electron-utility/sharedProcess/sharedProcessMain.js:70:66605)
2025-01-09 12:55:51.080 [info] Extension signature verification result for streetsidesoftware.code-spell-checker: UnknownError. Executed: true. Duration: 4ms.
2025-01-09 12:55:51.183 [info] Extension signature verification result for eamodio.gitlens: UnknownError. Executed: true. Duration: 4ms.
2025-01-09 12:55:51.235 [info] Extracted extension to file:///home/fabian/.vscode/extensions/streetsidesoftware.code-spell-checker-4.0.34: streetsidesoftware.code-spell-checker
2025-01-09 12:55:51.241 [info] Renamed to /home/fabian/.vscode/extensions/streetsidesoftware.code-spell-checker-4.0.34
2025-01-09 12:55:51.259 [info] Marked extension as uninstalled streetsidesoftware.code-spell-checker-4.0.21
2025-01-09 12:55:51.259 [error] [/home/fabian/.vscode/extensions/ms-toolsai.jupyter-2024.11.0-linux-x64]: Extension is not compatible with Code 1.95.3. Extension requires: ^1.96.0.
2025-01-09 12:55:51.260 [error] [uncaught exception in sharedProcess]: Error: ENOENT: no such file or directory, stat '/home/fabian/.vscode/extensions/extensions.json.vsctmp': EntryNotFound (FileSystemError): Error: ENOENT: no such file or directory, stat '/home/fabian/.vscode/extensions/extensions.json.vsctmp'
    at hm.create (file:///opt/visual-studio-code/resources/app/out/vs/code/electron-utility/sharedProcess/sharedProcessMain.js:35:39254)
    at Es (file:///opt/visual-studio-code/resources/app/out/vs/code/electron-utility/sharedProcess/sharedProcessMain.js:35:39361)
    at Fr.ib (file:///opt/visual-studio-code/resources/app/out/vs/code/electron-utility/sharedProcess/sharedProcessMain.js:71:22677)
    at Fr.stat (file:///opt/visual-studio-code/resources/app/out/vs/code/electron-utility/sharedProcess/sharedProcessMain.js:71:16010)
    at async Zl.stat (file:///opt/visual-studio-code/resources/app/out/vs/code/electron-utility/sharedProcess/sharedProcessMain.js:70:84491)
    at async Jl.yb (file:///opt/visual-studio-code/resources/app/out/vs/code/electron-utility/sharedProcess/sharedProcessMain.js:70:66605)
2025-01-09 12:55:51.262 [info] Extension installed successfully: streetsidesoftware.code-spell-checker vscode-userdata:/home/fabian/.vscode/extensions/extensions.json
2025-01-09 12:55:51.354 [info] Extracted extension to file:///home/fabian/.vscode/extensions/eamodio.gitlens-16.1.1: eamodio.gitlens
2025-01-09 12:55:51.364 [info] Renamed to /home/fabian/.vscode/extensions/eamodio.gitlens-16.1.1
2025-01-09 12:55:51.384 [info] Marked extension as uninstalled eamodio.gitlens-16.0.5
2025-01-09 12:55:51.387 [error] [/home/fabian/.vscode/extensions/ms-toolsai.jupyter-2024.11.0-linux-x64]: Extension is not compatible with Code 1.95.3. Extension requires: ^1.96.0.
2025-01-09 12:55:51.396 [info] Extension installed successfully: eamodio.gitlens vscode-userdata:/home/fabian/.vscode/extensions/extensions.json
2025-01-09 12:55:52.190 [info] Extension signature verification result for ms-python.python: UnknownError. Executed: true. Duration: 5ms.
2025-01-09 12:55:52.821 [info] Extracted extension to file:///home/fabian/.vscode/extensions/ms-python.python-2024.22.2-linux-x64: ms-python.python
2025-01-09 12:55:52.825 [info] Renamed to /home/fabian/.vscode/extensions/ms-python.python-2024.22.2-linux-x64
2025-01-09 12:55:52.841 [info] Marked extension as uninstalled ms-python.python-2024.22.0-linux-x64
2025-01-09 12:55:52.843 [error] [/home/fabian/.vscode/extensions/ms-toolsai.jupyter-2024.11.0-linux-x64]: Extension is not compatible with Code 1.95.3. Extension requires: ^1.96.0.
2025-01-09 12:55:52.846 [info] Extension installed successfully: ms-python.python vscode-userdata:/home/fabian/.vscode/extensions/extensions.json
2025-01-09 12:55:52.906 [error] [uncaught exception in sharedProcess]: Error: ENOENT: no such file or directory, stat '/home/fabian/.vscode/extensions/extensions.json.vsctmp': EntryNotFound (FileSystemError): Error: ENOENT: no such file or directory, stat '/home/fabian/.vscode/extensions/extensions.json.vsctmp'
    at hm.create (file:///opt/visual-studio-code/resources/app/out/vs/code/electron-utility/sharedProcess/sharedProcessMain.js:35:39254)
    at Es (file:///opt/visual-studio-code/resources/app/out/vs/code/electron-utility/sharedProcess/sharedProcessMain.js:35:39361)
    at Fr.ib (file:///opt/visual-studio-code/resources/app/out/vs/code/electron-utility/sharedProcess/sharedProcessMain.js:71:22677)
    at Fr.stat (file:///opt/visual-studio-code/resources/app/out/vs/code/electron-utility/sharedProcess/sharedProcessMain.js:71:16010)
    at async Zl.stat (file:///opt/visual-studio-code/resources/app/out/vs/code/electron-utility/sharedProcess/sharedProcessMain.js:70:84491)
    at async Jl.yb (file:///opt/visual-studio-code/resources/app/out/vs/code/electron-utility/sharedProcess/sharedProcessMain.js:70:66605)
2025-01-09 12:56:15.149 [info] Getting Manifest... ms-toolsai.jupyter
2025-01-09 12:56:15.249 [info] Installing extension: ms-toolsai.jupyter {"productVersion":{"version":"1.96.2","date":"2024-12-19T10:20:04.446Z"},"pinned":false,"operation":3,"isApplicationScoped":false,"profileLocation":{"$mid":1,"external":"vscode-userdata:/home/fabian/.vscode/extensions/extensions.json","path":"/home/fabian/.vscode/extensions/extensions.json","scheme":"vscode-userdata"},"installOnlyNewlyAddedFromExtensionPack":true}
2025-01-09 12:56:15.324 [error] [/home/fabian/.vscode/extensions/ms-toolsai.jupyter-2024.11.0-linux-x64]: Extension is not compatible with Code 1.95.3. Extension requires: ^1.96.0.
2025-01-09 12:56:15.325 [error] Error while installing the extension ms-toolsai.jupyter Cannot read the extension from /home/fabian/.vscode/extensions/ms-toolsai.jupyter-2024.11.0-linux-x64 vscode-userdata:/home/fabian/.vscode/extensions/extensions.json
2025-01-09 12:56:15.387 [error] [uncaught exception in sharedProcess]: Error: ENOENT: no such file or directory, stat '/home/fabian/.vscode/extensions/extensions.json.vsctmp': EntryNotFound (FileSystemError): Error: ENOENT: no such file or directory, stat '/home/fabian/.vscode/extensions/extensions.json.vsctmp'
    at hm.create (file:///opt/visual-studio-code/resources/app/out/vs/code/electron-utility/sharedProcess/sharedProcessMain.js:35:39254)
    at Es (file:///opt/visual-studio-code/resources/app/out/vs/code/electron-utility/sharedProcess/sharedProcessMain.js:35:39361)
    at Fr.ib (file:///opt/visual-studio-code/resources/app/out/vs/code/electron-utility/sharedProcess/sharedProcessMain.js:71:22677)
    at Fr.stat (file:///opt/visual-studio-code/resources/app/out/vs/code/electron-utility/sharedProcess/sharedProcessMain.js:71:16010)
    at async Zl.stat (file:///opt/visual-studio-code/resources/app/out/vs/code/electron-utility/sharedProcess/sharedProcessMain.js:70:84491)
    at async Jl.yb (file:///opt/visual-studio-code/resources/app/out/vs/code/electron-utility/sharedProcess/sharedProcessMain.js:70:66605)
2025-01-09 13:00:45.282 [error] [/home/fabian/.vscode/extensions/ms-toolsai.jupyter-2024.11.0-linux-x64]: Extension is not compatible with Code 1.95.3. Extension requires: ^1.96.0.
2025-01-09 13:05:45.376 [error] [/home/fabian/.vscode/extensions/ms-toolsai.jupyter-2024.11.0-linux-x64]: Extension is not compatible with Code 1.95.3. Extension requires: ^1.96.0.
2025-01-09 13:10:45.456 [error] [/home/fabian/.vscode/extensions/ms-toolsai.jupyter-2024.11.0-linux-x64]: Extension is not compatible with Code 1.95.3. Extension requires: ^1.96.0.
2025-01-09 13:15:45.556 [error] [/home/fabian/.vscode/extensions/ms-toolsai.jupyter-2024.11.0-linux-x64]: Extension is not compatible with Code 1.95.3. Extension requires: ^1.96.0.
2025-01-09 13:20:45.651 [error] [/home/fabian/.vscode/extensions/ms-toolsai.jupyter-2024.11.0-linux-x64]: Extension is not compatible with Code 1.95.3. Extension requires: ^1.96.0.
2025-01-09 13:25:45.739 [error] [/home/fabian/.vscode/extensions/ms-toolsai.jupyter-2024.11.0-linux-x64]: Extension is not compatible with Code 1.95.3. Extension requires: ^1.96.0.
2025-01-09 13:30:45.858 [error] [/home/fabian/.vscode/extensions/ms-toolsai.jupyter-2024.11.0-linux-x64]: Extension is not compatible with Code 1.95.3. Extension requires: ^1.96.0.
2025-01-09 13:35:45.956 [error] [/home/fabian/.vscode/extensions/ms-toolsai.jupyter-2024.11.0-linux-x64]: Extension is not compatible with Code 1.95.3. Extension requires: ^1.96.0.
2025-01-09 13:40:46.042 [error] [/home/fabian/.vscode/extensions/ms-toolsai.jupyter-2024.11.0-linux-x64]: Extension is not compatible with Code 1.95.3. Extension requires: ^1.96.0.
2025-01-09 13:45:46.164 [error] [/home/fabian/.vscode/extensions/ms-toolsai.jupyter-2024.11.0-linux-x64]: Extension is not compatible with Code 1.95.3. Extension requires: ^1.96.0.
2025-01-09 13:50:46.256 [error] [/home/fabian/.vscode/extensions/ms-toolsai.jupyter-2024.11.0-linux-x64]: Extension is not compatible with Code 1.95.3. Extension requires: ^1.96.0.
2025-01-09 13:55:46.367 [error] [/home/fabian/.vscode/extensions/ms-toolsai.jupyter-2024.11.0-linux-x64]: Extension is not compatible with Code 1.95.3. Extension requires: ^1.96.0.
2025-01-09 14:00:46.448 [error] [/home/fabian/.vscode/extensions/ms-toolsai.jupyter-2024.11.0-linux-x64]: Extension is not compatible with Code 1.95.3. Extension requires: ^1.96.0.
2025-01-09 14:05:46.563 [error] [/home/fabian/.vscode/extensions/ms-toolsai.jupyter-2024.11.0-linux-x64]: Extension is not compatible with Code 1.95.3. Extension requires: ^1.96.0.
2025-01-09 14:10:46.643 [error] [/home/fabian/.vscode/extensions/ms-toolsai.jupyter-2024.11.0-linux-x64]: Extension is not compatible with Code 1.95.3. Extension requires: ^1.96.0.
2025-01-09 14:15:46.737 [error] [/home/fabian/.vscode/extensions/ms-toolsai.jupyter-2024.11.0-linux-x64]: Extension is not compatible with Code 1.95.3. Extension requires: ^1.96.0.
2025-01-09 14:20:46.842 [error] [/home/fabian/.vscode/extensions/ms-toolsai.jupyter-2024.11.0-linux-x64]: Extension is not compatible with Code 1.95.3. Extension requires: ^1.96.0.
2025-01-09 14:25:46.941 [error] [/home/fabian/.vscode/extensions/ms-toolsai.jupyter-2024.11.0-linux-x64]: Extension is not compatible with Code 1.95.3. Extension requires: ^1.96.0.
2025-01-09 14:30:47.049 [error] [/home/fabian/.vscode/extensions/ms-toolsai.jupyter-2024.11.0-linux-x64]: Extension is not compatible with Code 1.95.3. Extension requires: ^1.96.0.
2025-01-09 14:35:47.184 [error] [/home/fabian/.vscode/extensions/ms-toolsai.jupyter-2024.11.0-linux-x64]: Extension is not compatible with Code 1.95.3. Extension requires: ^1.96.0.
2025-01-09 14:40:47.280 [error] [/home/fabian/.vscode/extensions/ms-toolsai.jupyter-2024.11.0-linux-x64]: Extension is not compatible with Code 1.95.3. Extension requires: ^1.96.0.
2025-01-09 14:45:47.387 [error] [/home/fabian/.vscode/extensions/ms-toolsai.jupyter-2024.11.0-linux-x64]: Extension is not compatible with Code 1.95.3. Extension requires: ^1.96.0.
2025-01-09 14:50:47.520 [error] [/home/fabian/.vscode/extensions/ms-toolsai.jupyter-2024.11.0-linux-x64]: Extension is not compatible with Code 1.95.3. Extension requires: ^1.96.0.
2025-01-09 14:55:47.614 [error] [/home/fabian/.vscode/extensions/ms-toolsai.jupyter-2024.11.0-linux-x64]: Extension is not compatible with Code 1.95.3. Extension requires: ^1.96.0.
2025-01-09 15:00:47.710 [error] [/home/fabian/.vscode/extensions/ms-toolsai.jupyter-2024.11.0-linux-x64]: Extension is not compatible with Code 1.95.3. Extension requires: ^1.96.0.
2025-01-09 15:05:47.819 [error] [/home/fabian/.vscode/extensions/ms-toolsai.jupyter-2024.11.0-linux-x64]: Extension is not compatible with Code 1.95.3. Extension requires: ^1.96.0.
2025-01-09 15:10:47.905 [error] [/home/fabian/.vscode/extensions/ms-toolsai.jupyter-2024.11.0-linux-x64]: Extension is not compatible with Code 1.95.3. Extension requires: ^1.96.0.
2025-01-09 15:15:48.019 [error] [/home/fabian/.vscode/extensions/ms-toolsai.jupyter-2024.11.0-linux-x64]: Extension is not compatible with Code 1.95.3. Extension requires: ^1.96.0.
2025-01-09 15:20:48.142 [error] [/home/fabian/.vscode/extensions/ms-toolsai.jupyter-2024.11.0-linux-x64]: Extension is not compatible with Code 1.95.3. Extension requires: ^1.96.0.
2025-01-09 15:25:48.227 [error] [/home/fabian/.vscode/extensions/ms-toolsai.jupyter-2024.11.0-linux-x64]: Extension is not compatible with Code 1.95.3. Extension requires: ^1.96.0.
2025-01-09 15:30:48.335 [error] [/home/fabian/.vscode/extensions/ms-toolsai.jupyter-2024.11.0-linux-x64]: Extension is not compatible with Code 1.95.3. Extension requires: ^1.96.0.
2025-01-09 15:35:48.422 [error] [/home/fabian/.vscode/extensions/ms-toolsai.jupyter-2024.11.0-linux-x64]: Extension is not compatible with Code 1.95.3. Extension requires: ^1.96.0.
2025-01-09 15:40:48.523 [error] [/home/fabian/.vscode/extensions/ms-toolsai.jupyter-2024.11.0-linux-x64]: Extension is not compatible with Code 1.95.3. Extension requires: ^1.96.0.
2025-01-09 15:45:48.634 [error] [/home/fabian/.vscode/extensions/ms-toolsai.jupyter-2024.11.0-linux-x64]: Extension is not compatible with Code 1.95.3. Extension requires: ^1.96.0.
2025-01-09 15:50:48.753 [error] [/home/fabian/.vscode/extensions/ms-toolsai.jupyter-2024.11.0-linux-x64]: Extension is not compatible with Code 1.95.3. Extension requires: ^1.96.0.
2025-01-09 15:55:48.850 [error] [/home/fabian/.vscode/extensions/ms-toolsai.jupyter-2024.11.0-linux-x64]: Extension is not compatible with Code 1.95.3. Extension requires: ^1.96.0.
2025-01-09 16:00:48.986 [error] [/home/fabian/.vscode/extensions/ms-toolsai.jupyter-2024.11.0-linux-x64]: Extension is not compatible with Code 1.95.3. Extension requires: ^1.96.0.
2025-01-09 16:05:49.063 [error] [/home/fabian/.vscode/extensions/ms-toolsai.jupyter-2024.11.0-linux-x64]: Extension is not compatible with Code 1.95.3. Extension requires: ^1.96.0.
2025-01-09 16:10:49.161 [error] [/home/fabian/.vscode/extensions/ms-toolsai.jupyter-2024.11.0-linux-x64]: Extension is not compatible with Code 1.95.3. Extension requires: ^1.96.0.
2025-01-09 16:15:49.277 [error] [/home/fabian/.vscode/extensions/ms-toolsai.jupyter-2024.11.0-linux-x64]: Extension is not compatible with Code 1.95.3. Extension requires: ^1.96.0.
2025-01-09 16:20:49.382 [error] [/home/fabian/.vscode/extensions/ms-toolsai.jupyter-2024.11.0-linux-x64]: Extension is not compatible with Code 1.95.3. Extension requires: ^1.96.0.
2025-01-09 16:25:49.466 [error] [/home/fabian/.vscode/extensions/ms-toolsai.jupyter-2024.11.0-linux-x64]: Extension is not compatible with Code 1.95.3. Extension requires: ^1.96.0.
2025-01-09 16:50:34.037 [error] [/home/fabian/.vscode/extensions/ms-toolsai.jupyter-2024.11.0-linux-x64]: Extension is not compatible with Code 1.95.3. Extension requires: ^1.96.0.
2025-01-09 16:55:34.119 [error] [/home/fabian/.vscode/extensions/ms-toolsai.jupyter-2024.11.0-linux-x64]: Extension is not compatible with Code 1.95.3. Extension requires: ^1.96.0.
2025-01-09 17:00:34.277 [error] [/home/fabian/.vscode/extensions/ms-toolsai.jupyter-2024.11.0-linux-x64]: Extension is not compatible with Code 1.95.3. Extension requires: ^1.96.0.
2025-01-09 17:05:34.364 [error] [/home/fabian/.vscode/extensions/ms-toolsai.jupyter-2024.11.0-linux-x64]: Extension is not compatible with Code 1.95.3. Extension requires: ^1.96.0.
2025-01-09 17:10:34.474 [error] [/home/fabian/.vscode/extensions/ms-toolsai.jupyter-2024.11.0-linux-x64]: Extension is not compatible with Code 1.95.3. Extension requires: ^1.96.0.
2025-01-09 17:15:34.550 [error] [/home/fabian/.vscode/extensions/ms-toolsai.jupyter-2024.11.0-linux-x64]: Extension is not compatible with Code 1.95.3. Extension requires: ^1.96.0.
2025-01-09 17:20:34.658 [error] [/home/fabian/.vscode/extensions/ms-toolsai.jupyter-2024.11.0-linux-x64]: Extension is not compatible with Code 1.95.3. Extension requires: ^1.96.0.
2025-01-09 17:25:34.747 [error] [/home/fabian/.vscode/extensions/ms-toolsai.jupyter-2024.11.0-linux-x64]: Extension is not compatible with Code 1.95.3. Extension requires: ^1.96.0.
2025-01-09 17:30:34.863 [error] [/home/fabian/.vscode/extensions/ms-toolsai.jupyter-2024.11.0-linux-x64]: Extension is not compatible with Code 1.95.3. Extension requires: ^1.96.0.
2025-01-09 17:35:34.992 [error] [/home/fabian/.vscode/extensions/ms-toolsai.jupyter-2024.11.0-linux-x64]: Extension is not compatible with Code 1.95.3. Extension requires: ^1.96.0.
2025-01-09 17:40:35.138 [error] [/home/fabian/.vscode/extensions/ms-toolsai.jupyter-2024.11.0-linux-x64]: Extension is not compatible with Code 1.95.3. Extension requires: ^1.96.0.
2025-01-09 17:45:35.219 [error] [/home/fabian/.vscode/extensions/ms-toolsai.jupyter-2024.11.0-linux-x64]: Extension is not compatible with Code 1.95.3. Extension requires: ^1.96.0.
2025-01-09 17:50:35.336 [error] [/home/fabian/.vscode/extensions/ms-toolsai.jupyter-2024.11.0-linux-x64]: Extension is not compatible with Code 1.95.3. Extension requires: ^1.96.0.
2025-01-09 17:55:35.424 [error] [/home/fabian/.vscode/extensions/ms-toolsai.jupyter-2024.11.0-linux-x64]: Extension is not compatible with Code 1.95.3. Extension requires: ^1.96.0.
2025-01-09 18:00:35.577 [error] [/home/fabian/.vscode/extensions/ms-toolsai.jupyter-2024.11.0-linux-x64]: Extension is not compatible with Code 1.95.3. Extension requires: ^1.96.0.
