2024-12-03 18:56:11.704 [info] Started local extension host with pid 725636.
2024-12-03 18:56:12.748 [info] Settings Sync: Updating due to initialize
2024-12-03 18:56:12.748 [info] Settings Sync: Updating authentication providers. Authentication Providers from store: [{"id":"github","scopes":["user:email"]},{"id":"microsoft","scopes":["openid","profile","email","offline_access"]}]
2024-12-03 18:56:12.748 [info] Settings Sync: Authentication providers updated []
2024-12-03 18:56:12.770 [info] Settings Sync: Updating authentication providers. Authentication Providers from store: [{"id":"github","scopes":["user:email"]},{"id":"microsoft","scopes":["openid","profile","email","offline_access"]}]
2024-12-03 18:56:12.770 [info] Settings Sync: Authentication providers updated ["github"]
2024-12-03 18:56:12.771 [info] Settings Sync: Updating authentication providers. Authentication Providers from store: [{"id":"github","scopes":["user:email"]},{"id":"microsoft","scopes":["openid","profile","email","offline_access"]}]
2024-12-03 18:56:12.771 [info] Settings Sync: Authentication providers updated ["github"]
2024-12-03 18:56:12.771 [info] Settings Sync: Updating authentication providers. Authentication Providers from store: [{"id":"github","scopes":["user:email"]},{"id":"microsoft","scopes":["openid","profile","email","offline_access"]}]
2024-12-03 18:56:12.771 [info] Settings Sync: Authentication providers updated ["github","microsoft"]
2024-12-03 18:56:12.771 [info] Settings Sync: Updating authentication providers. Authentication Providers from store: [{"id":"github","scopes":["user:email"]},{"id":"microsoft","scopes":["openid","profile","email","offline_access"]}]
2024-12-03 18:56:12.771 [info] Settings Sync: Authentication providers updated ["github","microsoft"]
2024-12-03 18:56:12.771 [info] Settings Sync: Updating due to declared authentication providers changed
2024-12-03 18:56:12.771 [info] Settings Sync: Updating authentication providers. Authentication Providers from store: [{"id":"github","scopes":["user:email"]},{"id":"microsoft","scopes":["openid","profile","email","offline_access"]}]
2024-12-03 18:56:12.771 [info] Settings Sync: Authentication providers updated ["github","microsoft"]
2024-12-03 18:56:12.772 [info] Settings Sync: Updating due to declared authentication providers changed
2024-12-03 18:56:12.772 [info] Settings Sync: Updating authentication providers. Authentication Providers from store: [{"id":"github","scopes":["user:email"]},{"id":"microsoft","scopes":["openid","profile","email","offline_access"]}]
2024-12-03 18:56:12.772 [info] Settings Sync: Authentication providers updated ["github","microsoft"]
2024-12-03 18:56:13.550 [info] Settings Sync: Updating authentication providers. Authentication Providers from store: [{"id":"github","scopes":["user:email"]},{"id":"microsoft","scopes":["openid","profile","email","offline_access"]}]
2024-12-03 18:56:13.550 [info] Settings Sync: Authentication providers updated ["github","microsoft"]
2024-12-03 18:56:14.296 [info] [perf] Render performance baseline is 17ms
