2024-12-17 23:46:09.141 [info] Added views:outline in workbench.view.explorer
2024-12-17 23:46:09.141 [info] Added views:workbench.view.search in workbench.view.search
2024-12-17 23:46:09.141 [info] Added views:workbench.scm in workbench.view.scm
2024-12-17 23:46:09.141 [info] Added views:workbench.panel.markers.view in workbench.panel.markers
2024-12-17 23:46:09.141 [info] Added views:workbench.panel.output in workbench.panel.output
2024-12-17 23:46:09.141 [info] Added views:terminal in terminal
2024-12-17 23:46:09.141 [info] Added views:timeline in workbench.view.explorer
2024-12-17 23:46:09.141 [info] Added views:workbench.explorer.emptyView in workbench.view.explorer
2024-12-17 23:46:09.223 [info] Added views:workbench.debug.welcome in workbench.view.debug
2024-12-17 23:46:09.597 [info] Added views:projectsExplorerFavorites,projectManagerHelpAndFeedback in workbench.view.extension.project-manager
2024-12-17 23:46:09.597 [info] Added views:gitlens.views.home,gitlens.views.launchpad,gitlens.views.workspaces in workbench.view.extension.gitlens
2024-12-17 23:46:09.597 [info] Added views:gitlens.views.commitDetails,gitlens.views.lineHistory,gitlens.views.fileHistory,gitlens.views.searchAndCompare in workbench.view.extension.gitlensInspect
2024-12-17 23:46:09.598 [info] Added views:gitlens.views.scm.grouped in workbench.view.scm
2024-12-17 23:46:09.598 [info] Added views:docs,formatOptions,progress,languageOptions,team,hotkeyOptions in workbench.view.extension.mintdocs
2024-12-17 23:46:09.599 [info] Added views:cSpellInfoView in workbench.view.extension.cspell-info-explorer
2024-12-17 23:46:09.599 [info] Added views:cSpellIssuesViewByFile,cSpellIssuesViewByIssue in workbench.view.extension.cspellPanel
2024-12-17 23:46:09.799 [info] Added views:workbench.panel.repl.view in workbench.panel.repl
2024-12-17 23:46:10.308 [info] Added views:~remote.forwardedPorts in ~remote.forwardedPortsContainer
2024-12-17 23:46:10.328 [info] Added views:workbench.view.testing in workbench.view.extension.test
2024-12-17 23:46:10.961 [info] Added views:projectsExplorerGit in workbench.view.extension.project-manager
2024-12-17 23:46:10.963 [info] Removed views:gitlens.views.searchAndCompare,gitlens.views.fileHistory,gitlens.views.lineHistory,gitlens.views.commitDetails from workbench.view.extension.gitlensInspect
2024-12-17 23:46:10.964 [info] Removed views:gitlens.views.scm.grouped from workbench.view.scm
2024-12-17 23:46:11.001 [info] Added views:gitlens.views.drafts in workbench.view.extension.gitlens
2024-12-17 23:46:24.946 [info] Removed views:workbench.view.testing from workbench.view.extension.test
2024-12-17 23:46:25.142 [info] Added views:outline in workbench.view.explorer
2024-12-17 23:46:25.143 [info] Added views:workbench.view.search in workbench.view.search
2024-12-17 23:46:25.143 [info] Added views:workbench.scm in workbench.view.scm
2024-12-17 23:46:25.143 [info] Added views:workbench.panel.markers.view in workbench.panel.markers
2024-12-17 23:46:25.143 [info] Added views:workbench.panel.output in workbench.panel.output
2024-12-17 23:46:25.143 [info] Added views:terminal in terminal
2024-12-17 23:46:25.143 [info] Added views:timeline in workbench.view.explorer
2024-12-17 23:46:25.143 [info] Added views:workbench.explorer.fileView in workbench.view.explorer
2024-12-17 23:46:25.383 [info] Added views:projectsExplorerFavorites,projectManagerHelpAndFeedback in workbench.view.extension.project-manager
2024-12-17 23:46:25.383 [info] Added views:gitlens.views.home,gitlens.views.launchpad,gitlens.views.workspaces in workbench.view.extension.gitlens
2024-12-17 23:46:25.383 [info] Added views:gitlens.views.commitDetails,gitlens.views.lineHistory,gitlens.views.fileHistory,gitlens.views.searchAndCompare in workbench.view.extension.gitlensInspect
2024-12-17 23:46:25.384 [info] Added views:gitlens.views.scm.grouped in workbench.view.scm
2024-12-17 23:46:25.384 [info] Added views:cSpellInfoView in workbench.view.extension.cspell-info-explorer
2024-12-17 23:46:25.384 [info] Added views:cSpellIssuesViewByFile,cSpellIssuesViewByIssue in workbench.view.extension.cspellPanel
2024-12-17 23:46:25.452 [info] Added views:workbench.debug.variablesView,workbench.debug.watchExpressionsView,workbench.debug.callStackView,workbench.debug.breakPointsView in workbench.view.debug
2024-12-17 23:46:25.488 [info] Added views:workbench.panel.repl.view in workbench.panel.repl
2024-12-17 23:46:25.489 [info] Removed views:workbench.debug.breakPointsView,workbench.debug.callStackView,workbench.debug.watchExpressionsView,workbench.debug.variablesView from workbench.view.debug
2024-12-17 23:46:25.489 [info] Added views:workbench.debug.welcome in workbench.view.debug
2024-12-17 23:46:25.525 [info] Added views:~remote.forwardedPorts in ~remote.forwardedPortsContainer
2024-12-17 23:46:25.802 [info] Added views:projectsExplorerGit in workbench.view.extension.project-manager
2024-12-17 23:46:25.804 [info] Removed views:gitlens.views.workspaces from workbench.view.extension.gitlens
2024-12-17 23:46:25.823 [info] Removed views:gitlens.views.searchAndCompare,gitlens.views.fileHistory,gitlens.views.lineHistory,gitlens.views.commitDetails from workbench.view.extension.gitlensInspect
2024-12-17 23:46:25.823 [info] Removed views:gitlens.views.scm.grouped from workbench.view.scm
2024-12-17 23:46:28.104 [info] Added views:docs,formatOptions,progress,languageOptions,team,hotkeyOptions in workbench.view.extension.mintdocs
2024-12-17 23:46:28.122 [info] Added views:gitlens.views.drafts,gitlens.views.workspaces in workbench.view.extension.gitlens
