[2025-01-09 12:55:44.443] [        159ms] [/home/fabian/Documents/Univesity/CMP4266_Computer_Programming/Hospital-Management-System] git rev-parse --show-toplevel • FAILED

Error: Command failed: /usr/bin/git -c core.quotepath=false -c color.ui=false rev-parse --show-toplevel
fatal: not a git repository (or any parent up to mount point /)
Stopping at filesystem boundary (GIT_DISCOVERY_ACROSS_FILESYSTEM not set).


[2025-01-09 12:55:44.444] [        160ms] [/home/fabian/Documents/Univesity/CMP4266_Computer_Programming/Hospital-Management-System] git rev-parse --show-toplevel • FAILED

Error: Command failed: /usr/bin/git -c core.quotepath=false -c color.ui=false rev-parse --show-toplevel
fatal: not a git repository (or any parent up to mount point /)
Stopping at filesystem boundary (GIT_DISCOVERY_ACROSS_FILESYSTEM not set).


[2025-01-09 12:55:44.444] [        167ms] [/home/fabian/Documents/Univesity/CMP4266_Computer_Programming/Hospital-Management-System] git rev-parse --show-toplevel • FAILED

Error: Command failed: /usr/bin/git -c core.quotepath=false -c color.ui=false rev-parse --show-toplevel
fatal: not a git repository (or any parent up to mount point /)
Stopping at filesystem boundary (GIT_DISCOVERY_ACROSS_FILESYSTEM not set).


[2025-01-09 12:57:08.161] [          4ms] [/home/fabian/Documents/Univesity/CMP4266_Computer_Programming/Hospital-Management-System] git rev-parse --show-toplevel • FAILED

Error: Command failed: /usr/bin/git -c core.quotepath=false -c color.ui=false rev-parse --show-toplevel
fatal: not a git repository (or any parent up to mount point /)
Stopping at filesystem boundary (GIT_DISCOVERY_ACROSS_FILESYSTEM not set).


[2025-01-09 14:50:07.019] [          5ms] [/home/fabian/.vscode/extensions/ms-python.vscode-pylance-2024.12.1/dist/typeshed-fallback/stdlib] git rev-parse --show-toplevel • FAILED

Error: Command failed: /usr/bin/git -c core.quotepath=false -c color.ui=false rev-parse --show-toplevel
fatal: not a git repository (or any parent up to mount point /)
Stopping at filesystem boundary (GIT_DISCOVERY_ACROSS_FILESYSTEM not set).


